Log created: 2017-04-28T14:07:48.177778000Z
Executable: /usr/lib/virtualbox/VirtualBox
Arg[0]: /usr/lib/virtualbox/VirtualBox
Arg[1]: --startvm
Arg[2]: OS4
Arg[3]: --debug
Arg[4]: --start-running
fatal error in recompiler cpu: Trying to execute code with memory type addr_code=00000000c0103020 addend=00007fb00a197000 at 00000000c0103270. (iHandlerMemType=0x38 iMMIOMemType=0x30)

!!!!!!!!!!!!!!!!!!!!!!!!!!!!!!!!!!!!!!!!!!!!!!!!!!!!!!!!!!!!!!!!!!!!!!
!!
!!                 Guru Meditation -2301 (VERR_REM_VIRTUAL_CPU_ERROR)
!!
!!
!! {mappings, <NULL>}
!!

The mappings are FLOATING.
00000000ff400000 - 00000000ffbfffff  Hypervisor Memory Area
!!
!! {hma, <NULL>}
!!
Hypervisor Memory Area (HMA) Layout: Base 00000000ff400000, 0x00800000 bytes
00000000ffa1b000-00000000ffa1c000                                   DYNAMIC                  fence
00000000ffa0b000-00000000ffa1b000                                   DYNAMIC                  Dynamic mapping not crossing
00000000ff9fb000-00000000ffa0b000                                   DYNAMIC                  Dynamic mapping
00000000ff9fa000-00000000ff9fb000                                   DYNAMIC                  fence
00000000ff9f8000-00000000ff9fa000 00007fb0f8000000 0000000000000000 LOCKED                   VBoxEhciRC.rc
00000000ff9f7000-00000000ff9f8000                                   DYNAMIC                  fence
00000000ff9e7000-00000000ff9f7000 00007fb0c8ebd000 00007fb0c8ebd000 LOCKED                   alloc once (PDM_DEVICE_USER)
00000000ff967000-00000000ff9e7000                                   MMIO2   0000000000000000 VGA VRam
00000000ff966000-00000000ff967000                                   DYNAMIC                  fence
00000000ff952000-00000000ff966000 00007fb0d8006000 00007fb0d8006000 LOCKED                   alloc once (PDM_DEVICE)
00000000ff951000-00000000ff952000                                   DYNAMIC                  fence
00000000ff94d000-00000000ff951000 00007fb0f0375000 0000000000000000 LOCKED                   VBoxDD2RC.rc
00000000ff94c000-00000000ff94d000                                   DYNAMIC                  fence
00000000ff92b000-00000000ff94c000 00007fb0d000a000 0000000000000000 LOCKED                   VBoxDDRC.rc
00000000ff92a000-00000000ff92b000                                   DYNAMIC                  fence
00000000ff724000-00000000ff92a000 00007fb0d002b000 00007fb0d002b000 LOCKED                   alloc once (PATM)
00000000ff723000-00000000ff724000                                   DYNAMIC                  fence
00000000ff712000-00000000ff723000 00007fb0f000e000 00007fb0f000e000 LOCKED                   alloc once (SELM)
00000000ff711000-00000000ff712000                                   DYNAMIC                  fence
00000000ff701000-00000000ff711000 00007fb0f0379000 00007fb0f0379000 LOCKED                   alloc once (SELM)
00000000ff700000-00000000ff701000                                   DYNAMIC                  fence
00000000ff6fe000-00000000ff700000 00007fb0f8002000 ffffbbf1827fc000 HCPHYS  0000000001b20000 Core Code
00000000ff6fd000-00000000ff6fe000                                   DYNAMIC                  fence
00000000ff6fc000-00000000ff6fd000 00007fb1102b4000 0000000000000000 HCPHYS  0000000038f68000 GIP
00000000ff6fb000-00000000ff6fc000                                   DYNAMIC                  fence
00000000ff67a000-00000000ff6fb000 00007fb0d02b2000 00007fb0d02b2000 LOCKED                   alloc once (PGM_PHYS)
00000000ff679000-00000000ff67a000                                   DYNAMIC                  fence
00000000ff665000-00000000ff679000 00007fb0f8004000 00007fb0f8004000 LOCKED                   alloc once (PGM_POOL)
00000000ff664000-00000000ff665000                                   DYNAMIC                  fence
00000000ff65f000-00000000ff664000                                   DYNAMIC                  CR3 mapping
00000000ff65e000-00000000ff65f000                                   DYNAMIC                  fence
00000000ff566000-00000000ff65e000 00007fb0d0e93000 0000000000000000 LOCKED                   VMMRC.rc
00000000ff565000-00000000ff566000                                   DYNAMIC                  fence
00000000ff564000-00000000ff565000 00007fb1100bc000 ffffbbf18105e000 LOCKED                   alloc once (CPUM_CTX)
00000000ff563000-00000000ff564000                                   DYNAMIC                  fence
00000000ff423000-00000000ff563000 00007fb0d1542000 00007fb0d1542000 LOCKED                   Heap
00000000ff422000-00000000ff423000                                   DYNAMIC                  fence
00000000ff401000-00000000ff422000 00007fb0d801a000 ffffbbf182c31000 LOCKED                   VM
00000000ff400000-00000000ff401000                                   DYNAMIC                  fence
!!
!! {cpumguest, verbose}
!!
Guest CPUM (VCPU 0) state: 
eax=00000011 ebx=00000000 ecx=d0000a2c edx=d0000b00 esi=00000000 edi=00000000
eip=c0103270 esp=d0000bfc ebp=d0000c0c iopl=0         nv up ei pl zr na pe nc
cs={0008 base=0000000000000000 limit=ffffffff flags=0000c09b} dr0=00000000 dr1=00000000
ds={0010 base=0000000000000000 limit=ffffffff flags=0000c093} dr2=00000000 dr3=00000000
es={0010 base=0000000000000000 limit=ffffffff flags=0000c093} dr4=00000000 dr5=00000000
fs={0010 base=0000000000000000 limit=ffffffff flags=0000c093} dr6=ffff0ff0 dr7=00000400
gs={0010 base=0000000000000000 limit=ffffffff flags=0000c093} cr0=00000011 cr2=00000000
ss={0010 base=0000000000000000 limit=ffffffff flags=0000c093} cr3=00008000 cr4=00000010
gdtr=00000000c0113be0:002f  idtr=00000000c01133a0:07ff  eflags=00000202
ldtr={0000 base=00000000 limit=0000ffff flags=00000082}
tr  ={0028 base=c01186c0 limit=0001872a flags=000000eb}
SysEnter={cs=0000 eip=00000000 esp=00000000}
xcr=0000000000000001 xcr1=0000000000000000 xss=0000000000000000 (fXStateMask=0000000000000000)
FCW=037f FSW=0000 FTW=0000 FOP=0000 MXCSR=00001f80 MXCSR_MASK=0000ffff
FPUIP=00000000 CS=0000 Rsrvd1=0000  FPUDP=00000000 DS=0000 Rsvrd2=0000
ST(0)=FPR0={0000'00000000'00000000} t0 +0.0000000000000000000000 ^ 0 (*)
ST(1)=FPR1={0000'00000000'00000000} t0 +0.0000000000000000000000 ^ 0 (*)
ST(2)=FPR2={0000'00000000'00000000} t0 +0.0000000000000000000000 ^ 0 (*)
ST(3)=FPR3={0000'00000000'00000000} t0 +0.0000000000000000000000 ^ 0 (*)
ST(4)=FPR4={0000'00000000'00000000} t0 +0.0000000000000000000000 ^ 0 (*)
ST(5)=FPR5={0000'00000000'00000000} t0 +0.0000000000000000000000 ^ 0 (*)
ST(6)=FPR6={0000'00000000'00000000} t0 +0.0000000000000000000000 ^ 0 (*)
ST(7)=FPR7={0000'00000000'00000000} t0 +0.0000000000000000000000 ^ 0 (*)
XMM0 =00000000'00000000'00000000'00000000  XMM1 =00000000'00000000'00000000'00000000
XMM2 =00000000'00000000'00000000'00000000  XMM3 =00000000'00000000'00000000'00000000
XMM4 =00000000'00000000'00000000'00000000  XMM5 =00000000'00000000'00000000'00000000
XMM6 =00000000'00000000'00000000'00000000  XMM7 =00000000'00000000'00000000'00000000
XMM8 =00000000'00000000'00000000'00000000  XMM9 =00000000'00000000'00000000'00000000
XMM10=00000000'00000000'00000000'00000000  XMM11=00000000'00000000'00000000'00000000
XMM12=00000000'00000000'00000000'00000000  XMM13=00000000'00000000'00000000'00000000
XMM14=00000000'00000000'00000000'00000000  XMM15=00000000'00000000'00000000'00000000
EFER         =0000000000000000
PAT          =0007040600070406
STAR         =0000000000000000
CSTAR        =0000000000000000
LSTAR        =0000000000000000
SFMASK       =0000000000000000
KERNELGSBASE =0000000000000000
!!
!! {cpumguestinstr, verbose}
!!

CPUM: Disas -> VERR_PGM_INVALID_GC_PHYSICAL_ADDRESS


!!
!! {cpumhyper, verbose}
!!
Hypervisor CPUM state: 
.eax=00000000 .ebx=00000000 .ecx=00000000 .edx=00000000 .esi=00000000 .edi=00000018
.eip=ff6ff09b .esp=ff561000 .ebp=00000000 .iopl=0           nv up di pl zr na pe nc
.cs={fff8 base=0000000000000000 limit=00000000 flags=00000000} .dr0=00000000 .dr1=00000000
.ds={fff0 base=0000000000000000 limit=00000000 flags=00000000} .dr2=00000000 .dr3=00000000
.es={fff0 base=0000000000000000 limit=00000000 flags=00000000} .dr4=00000000 .dr5=00000000
.fs={0000 base=0000000000000000 limit=00000000 flags=00000000} .dr6=00000000 .dr7=00000400
.gs={0000 base=0000000000000000 limit=00000000 flags=00000000} .cr0=00000000 .cr2=00000000
.ss={fff0 base=0000000000000000 limit=00000000 flags=00000000} .cr3=1e36b000 .cr4=00000000
.gdtr=00000000ff701000:ffff  .idtr=00000000ff406c90:07ff  .eflags=00000000
.ldtr={0000 base=00000000 limit=00000000 flags=00000000}
.tr  ={ffe0 base=00000000 limit=00000000 flags=00000000}
.SysEnter={cs=0000 eip=00000000 esp=00000000}
.xcr=0000000000000000 .xcr1=0000000000000000 .xss=0000000000000000 (fXStateMask=0000000000000000)
.FCW=0000 .FSW=0000 .FTW=0000 .FOP=0000 .MXCSR=00000000 .MXCSR_MASK=00000000
.FPUIP=00000000 .CS=0000 .Rsrvd1=0000  .FPUDP=00000000 .DS=0000 .Rsvrd2=0000
.ST(0)=.FPR0={0000'00000000'00000000} t0 +0.0000000000000000000000 ^ 0 (*)
.ST(1)=.FPR1={0000'00000000'00000000} t0 +0.0000000000000000000000 ^ 0 (*)
.ST(2)=.FPR2={0000'00000000'00000000} t0 +0.0000000000000000000000 ^ 0 (*)
.ST(3)=.FPR3={0000'00000000'00000000} t0 +0.0000000000000000000000 ^ 0 (*)
.ST(4)=.FPR4={0000'00000000'00000000} t0 +0.0000000000000000000000 ^ 0 (*)
.ST(5)=.FPR5={0000'00000000'00000000} t0 +0.0000000000000000000000 ^ 0 (*)
.ST(6)=.FPR6={0000'00000000'00000000} t0 +0.0000000000000000000000 ^ 0 (*)
.ST(7)=.FPR7={0000'00000000'00000000} t0 +0.0000000000000000000000 ^ 0 (*)
.XMM0 =00000000'00000000'00000000'00000000  .XMM1 =00000000'00000000'00000000'00000000
.XMM2 =00000000'00000000'00000000'00000000  .XMM3 =00000000'00000000'00000000'00000000
.XMM4 =00000000'00000000'00000000'00000000  .XMM5 =00000000'00000000'00000000'00000000
.XMM6 =00000000'00000000'00000000'00000000  .XMM7 =00000000'00000000'00000000'00000000
.XMM8 =00000000'00000000'00000000'00000000  .XMM9 =00000000'00000000'00000000'00000000
.XMM10=00000000'00000000'00000000'00000000  .XMM11=00000000'00000000'00000000'00000000
.XMM12=00000000'00000000'00000000'00000000  .XMM13=00000000'00000000'00000000'00000000
.XMM14=00000000'00000000'00000000'00000000  .XMM15=00000000'00000000'00000000'00000000
.EFER         =0000000000000000
.PAT          =0000000000000000
.STAR         =0000000000000000
.CSTAR        =0000000000000000
.LSTAR        =0000000000000000
.SFMASK       =0000000000000000
.KERNELGSBASE =0000000000000000
CR4OrMask=0x204 CR4AndMask=0x403
!!
!! {cpumhost, verbose}
!!
Host CPUM state: 
rax=xxxxxxxxxxxxxxxx rbx=ffffbbf182c31000 rcx=xxxxxxxxxxxxxxxx
rdx=xxxxxxxxxxxxxxxx rsi=0000000000000008 rdi=ffffbbf182c31000
rip=xxxxxxxxxxxxxxxx rsp=ffffa2431381bcf0 rbp=ffffa2431381bd58
 r8=xxxxxxxxxxxxxxxx  r9=xxxxxxxxxxxxxxxx r10=00000000fffff99c
r11=0000000000000030 r12=0000000000000012 r13=0000000000000000
r14=0000000000040206 r15=0000000000000000
iopl=0       ac nv up di pl nz na po nc
cs=0000  ds=0000  es=0000  fs=0000  gs=0000                   eflags=00040046
cr0=0000000080050033 cr2=xxxxxxxxxxxxxxxx cr3=0000000006936000
cr4=00000000003406f0 ldtr=0000 tr=0040
dr[0]=0000000000000000 dr[1]=0000000000000000 dr[2]=0000000000000000
dr[3]=0000000000000000 dr[6]=0000000000000000 dr[7]=0000000000000000
gdtr=ffffa2433b409000:007f  idtr=ffffffffff57c000:0fff
SysEnter={cs=0010 eip=00000000 esp=00000000}
FSbase=00007fb0d1ed1700 GSbase=ffffa2433b400000 efer=00000d01
!!
!! {mode, all}
!!
Guest paging mode:  Protected (changed 3117 times), A20 enabled (changed 2 times)
Shadow paging mode: PAE
Host paging mode:   AMD64+G+NX
!!
!! {cpuid, verbose}
!!
         Raw Standard CPUID Leaves
     Leaf/sub-leaf  eax      ebx      ecx      edx
Gst: 00000000/0000  00000016 756e6547 6c65746e 49656e69
Hst:                00000016 756e6547 6c65746e 49656e69
Gst: 00000001/0000  000506e3 00000800 00180201 078bf3bf
Hst:                000506e3 00010800 fffa3203 0fabfbff
Gst: 00000002/0000  76036301 00f0b5ff 00000000 00c30000
Hst:                76036301 00f0b5ff 00000000 00c30000
Gst: 00000003/0000  00000000 00000000 00000000 00000000
Hst:                00000000 00000000 00000000 00000000
Gst: 00000004/0000  00000121 01c0003f 0000003f 00000000
Hst:                00000121 01c0003f 0000003f 00000000
Gst: 00000004/0001  00000122 01c0003f 0000003f 00000000
Hst:                00000122 01c0003f 0000003f 00000000
Gst: 00000004/0002  00000143 00c0003f 000003ff 00000000
Hst:                00000143 00c0003f 000003ff 00000000
Gst: 00000004/0003  00000163 03c0003f 00001fff 00000006
Hst:                00000163 03c0003f 00001fff 00000006
Gst: 00000004/0004  00000000 00000000 00000000 00000000
Hst:                00000000 00000000 00000000 00000000
Gst: 00000005/0000  00000000 00000000 00000000 00000000
Hst:                00000000 00000000 00000000 00000000
Gst: 00000006/0000  00000000 00000000 00000000 00000000
Hst:                000027f7 00000002 00000001 00000000
Gst: 00000007/0000  00000000 00002000 00000000 00000000
Hst:                00000000 001c2fbb 00000000 00000000
Gst: 00000007/0001  00000000 00000000 00000000 00000000
Hst:                00000000 00000000 00000000 00000000
Gst: 00000008/0000  00000000 00000000 00000000 00000000
Hst:                00000000 00000000 00000000 00000000
Gst: 00000009/0000  00000000 00000000 00000000 00000000
Hst:                00000000 00000000 00000000 00000000
Gst: 0000000a/0000  00000000 00000000 00000000 00000000
Hst:                07300401 0000007f 00000000 00000000
Gst: 0000000b/0000  00000000 00000001 00000100 00000000
Hst:                00000000 00000001 00000100 00000000
Gst: 0000000b/0001  00000001 00000001 00000201 00000000
Hst:                00000000 00000001 00000201 00000000
Gst: 0000000b/0002  00000000 00000000 00000002 00000000
Hst:                00000000 00000000 00000002 00000000
Gst: 0000000c/0000  00000000 00000000 00000000 00000000
Hst:                00000000 00000000 00000000 00000000
Gst: 0000000d/0000  00000000 00000000 00000000 00000000
Hst:                00000007 00000340 00000440 00000000
Gst: 0000000d/0001  00000000 00000000 00000000 00000000
Hst:                00000001 00000000 00000000 00000000
Gst: 0000000d/0002  00000000 00000000 00000000 00000000
Hst:                00000100 00000240 00000000 00000000
Gst: 0000000d/0003  00000000 00000000 00000000 00000000
Hst:                00000000 00000000 00000000 00000000
Gst: 0000000e/0000  00000000 00000000 00000000 00000000
Hst:                00000000 00000000 00000000 00000000
Gst: 0000000f/0000  00000000 00000000 00000000 00000000
Hst:                00000000 00000000 00000000 00000000
Gst: 00000010/0000  00000000 00000000 00000000 00000000
Hst:                00000000 00000000 00000000 00000000
Gst: 00000011/0000  00000000 00000000 00000000 00000000
Hst:                00000000 00000000 00000000 00000000
Gst: 00000012/0000  00000000 00000000 00000000 00000000
Hst:                00000000 00000000 00000000 00000000
Gst: 00000013/0000  00000000 00000000 00000000 00000000
Hst:                00000000 00000000 00000000 00000000
Gst: 00000014/0000  00000000 00000000 00000000 00000000
Hst:                00000000 00000000 00000000 00000000
Gst: 00000015/0000  00000000 00000000 00000000 00000000
Hst:                00000000 00000000 00000000 00000000
Gst: 00000016/0000  00000000 00000000 00000000 00000000
Hst:                00000000 00000000 00000000 00000000
                               Name: GenuineIntel
                           Supports: 0x00000000-0x00000016
                             Family:  6 	Extended: 0 	Effective: 6
                              Model: 14 	Extended: 5 	Effective: 94
                           Stepping: 3
                               Type: 0 (primary)
                            APIC ID: 0x00
                       Logical CPUs: 0
                       CLFLUSH Size: 8
                           Brand ID: 0x00
Features
  Mnemonic - Description                                  = guest (host)
  FPU - x87 FPU on Chip                                   = 1 (1)
  VME - Virtual 8086 Mode Enhancements                    = 1 (1)
  DE - Debugging extensions                               = 1 (1)
  PSE - Page Size Extension                               = 1 (1)
  TSC - Time Stamp Counter                                = 1 (1)
  MSR - Model Specific Registers                          = 1 (1)
  PAE - Physical Address Extension                        = 0 (1)
  MCE - Machine Check Exception                           = 1 (1)
  CX8 - CMPXCHG8B instruction                             = 1 (1)
  APIC - APIC On-Chip                                     = 1 (1)
  SEP - SYSENTER and SYSEXIT Present                      = 0 (1)
  MTRR - Memory Type Range Registers                      = 1 (1)
  PGE - PTE Global Bit                                    = 1 (1)
  MCA - Machine Check Architecture                        = 1 (1)
  CMOV - Conditional Move instructions                    = 1 (1)
  PAT - Page Attribute Table                              = 1 (1)
  PSE-36 - 36-bit Page Size Extension                     = 1 (1)
  PSN - Processor Serial Number                           = 0 (0)
  CLFSH - CLFLUSH instruction                             = 1 (1)
  DS - Debug Store                                        = 0 (1)
  ACPI - Thermal Mon. & Soft. Clock Ctrl.                 = 0 (0)
  MMX - Intel MMX Technology                              = 1 (1)
  FXSR - FXSAVE and FXRSTOR instructions                  = 1 (1)
  SSE - SSE support                                       = 1 (1)
  SSE2 - SSE2 support                                     = 1 (1)
  SS - Self Snoop                                         = 0 (1)
  HTT - Hyper-Threading Technology                        = 0 (0)
  TM - Therm. Monitor                                     = 0 (0)
  PBE - Pending Break Enabled                             = 0 (0)
  SSE3 - SSE3 support                                     = 1 (1)
  PCLMUL - PCLMULQDQ support (for AES-GCM)                = 0 (1)
  DTES64 - DS Area 64-bit Layout                          = 0 (0)
  MONITOR - MONITOR/MWAIT instructions                    = 0 (0)
  CPL-DS - CPL Qualified Debug Store                      = 0 (0)
  VMX - Virtual Machine Extensions                        = 0 (0)
  SMX - Safer Mode Extensions                             = 0 (0)
  EST - Enhanced SpeedStep Technology                     = 0 (0)
  TM2 - Terminal Monitor 2                                = 0 (0)
  SSSE3 - Supplemental Streaming SIMD Extensions 3        = 1 (1)
  CNTX-ID - L1 Context ID                                 = 0 (0)
  SDBG - Silicon Debug interface                          = 0 (0)
  FMA - Fused Multiply Add extensions                     = 0 (1)
  CX16 - CMPXCHG16B instruction                           = 0 (1)
  TPRUPDATE - xTPR Update Control                         = 0 (0)
  PDCM - Perf/Debug Capability MSR                        = 0 (0)
  PCID - Process Context Identifiers                      = 0 (1)
  DCA - Direct Cache Access                               = 0 (0)
  SSE4_1 - SSE4_1 support                                 = 1 (1)
  SSE4_2 - SSE4_2 support                                 = 1 (1)
  X2APIC - x2APIC support                                 = 0 (1)
  MOVBE - MOVBE instruction                               = 0 (1)
  POPCNT - POPCNT instruction                             = 0 (1)
  TSCDEADL - Time Stamp Counter Deadline                  = 0 (1)
  AES - AES instructions                                  = 0 (1)
  XSAVE - XSAVE instruction                               = 0 (1)
  OSXSAVE - OSXSAVE instruction                           = 0 (1)
  AVX - AVX support                                       = 0 (1)
  F16C - 16-bit floating point conversion instructions    = 0 (1)
  RDRAND - RDRAND instruction                             = 0 (1)
  HVP - Hypervisor Present (we're a guest)                = 0 (1)
Structured Extended Feature Flags Enumeration (leaf 7):
  Mnemonic - Description                                  = guest (host)
  FSGSBASE - RDFSBASE/RDGSBASE/WRFSBASE/WRGSBASE instr.   = 0 (1)
  TSCADJUST - Supports MSR_IA32_TSC_ADJUST                = 0 (1)
  BMI1 - Advanced Bit Manipulation extension 1            = 0 (1)
  HLE - Hardware Lock Elision                             = 0 (1)
  AVX2 - Advanced Vector Extensions 2                     = 0 (1)
  SMEP - Supervisor Mode Execution Prevention             = 0 (1)
  BMI2 - Advanced Bit Manipulation extension 2            = 0 (1)
  ERMS - Enhanced REP MOVSB/STOSB instructions            = 0 (1)
  INVPCID - INVPCID instruction                           = 0 (1)
  RTM - Restricted Transactional Memory                   = 0 (1)
  PQM - Platform Quality of Service Monitoring            = 0 (0)
  DEPFPU_CS_DS - Deprecates FPU CS, FPU DS values if set  = 1 (1)
  MPE - Intel Memory Protection Extensions                = 0 (0)
  PQE - Platform Quality of Service Enforcement           = 0 (0)
  AVX512F - AVX512 Foundation instructions                = 0 (0)
  RDSEED - RDSEED instruction                             = 0 (1)
  ADX - ADCX/ADOX instructions                            = 0 (1)
  SMAP - Supervisor Mode Access Prevention                = 0 (1)
  CLFLUSHOPT - CLFLUSHOPT (Cache Line Flush) instruction  = 0 (0)
  INTEL_PT - Intel Processor Trace                        = 0 (0)
  AVX512PF - AVX512 Prefetch instructions                 = 0 (0)
  AVX512ER - AVX512 Exponential & Reciprocal instructions = 0 (0)
  AVX512CD - AVX512 Conflict Detection instructions       = 0 (0)
  SHA - Secure Hash Algorithm extensions                  = 0 (0)
  PREFETCHWT1 - PREFETCHWT1 instruction                   = 0 (0)
  PKU - Protection Key for Usermode pages                 = 0 (0)
  OSPKU - CR4.PKU mirror                                  = 0 (0)
Processor Extended State Enumeration (leaf 0xd):
   XSAVE area cur/max size by XCR0, guest: 0x0/0x0
    XSAVE area cur/max size by XCR0, host: 0x340/0x440
                   Valid XCR0 bits, guest: 0x00000000`00000000
                    Valid XCR0 bits, host: 0x00000000`00000007 ( x87 SSE YMM_Hi128 )
                    XSAVE features, guest:
                     XSAVE features, host: XSAVEOPT
      XSAVE area cur size XCR0|XSS, guest: 0x0
       XSAVE area cur size XCR0|XSS, host: 0x0
               Valid IA32_XSS bits, guest: 0x00000000`00000000
                Valid IA32_XSS bits, host: 0x00000000`00000000
  State #2, host:  off=0x0240, cb=0x0100 IA32_XSS-bit -- YMM_Hi128
         Raw Hypervisor CPUID Leaves
     Leaf/sub-leaf  eax      ebx      ecx      edx
Gst: 40000000/0000  40000001 786f4256 786f4256 786f4256
Hst:                40000010 61774d56 4d566572 65726177
Gst: 40000001/0000  656e6f6e 00000000 00000000 00000000
Hst:                00000000 00000000 00000000 00000000
         Raw Extended CPUID Leaves
     Leaf/sub-leaf  eax      ebx      ecx      edx
Gst: 80000000/0000  80000008 00000000 00000000 00000000
Hst:                80000008 00000000 00000000 00000000
Gst: 80000001/0000  00000000 00000000 00000001 08000000
Hst:                00000000 00000000 00000121 2c100800
Gst: 80000002/0000  65746e49 2952286c 726f4320 4d542865
Hst:                65746e49 2952286c 726f4320 4d542865
Gst: 80000003/0000  37692029 3037362d 43204b30 40205550
Hst:                37692029 3037362d 43204b30 40205550
Gst: 80000004/0000  302e3420 7a484730 00000000 00000000
Hst:                302e3420 7a484730 00000000 00000000
Gst: 80000005/0000  00000000 00000000 00000000 00000000
Hst:                00000000 00000000 00000000 00000000
Gst: 80000006/0000  00000000 00000000 01006040 00000000
Hst:                00000000 00000000 01006040 00000000
Gst: 80000007/0000  00000000 00000000 00000000 00000100
Hst:                00000000 00000000 00000000 00000100
Gst: 80000008/0000  0000302a 00000000 00000000 00000000
Hst:                0000302a 00000000 00000000 00000000
Ext Name:                        
Ext Supports:                    0x80000000-0x80000008
Family:                          0  	Extended: 0 	Effective: 0
Model:                           0  	Extended: 0 	Effective: 0
Stepping:                        0
Brand ID:                        0x000
Ext Features
  Mnemonic - Description                                  = guest (host)
  FPU - x87 FPU on Chip                                   = 0 (0)
  VME - Virtual 8086 Mode Enhancements                    = 0 (0)
  DE - Debugging extensions                               = 0 (0)
  PSE - Page Size Extension                               = 0 (0)
  TSC - Time Stamp Counter                                = 0 (0)
  MSR - K86 Model Specific Registers                      = 0 (0)
  PAE - Physical Address Extension                        = 0 (0)
  MCE - Machine Check Exception                           = 0 (0)
  CX8 - CMPXCHG8B instruction                             = 0 (0)
  APIC - APIC On-Chip                                     = 0 (0)
  SEP - SYSCALL/SYSRET                                    = 0 (1)
  MTRR - Memory Type Range Registers                      = 0 (0)
  PGE - PTE Global Bit                                    = 0 (0)
  MCA - Machine Check Architecture                        = 0 (0)
  CMOV - Conditional Move instructions                    = 0 (0)
  PAT - Page Attribute Table                              = 0 (0)
  PSE-36 - 36-bit Page Size Extension                     = 0 (0)
  NX - No-Execute/Execute-Disable                         = 0 (1)
  AXMMX - AMD Extensions to MMX instructions              = 0 (0)
  MMX - Intel MMX Technology                              = 0 (0)
  FXSR - FXSAVE and FXRSTOR Instructions                  = 0 (0)
  FFXSR - AMD fast FXSAVE and FXRSTOR instructions        = 0 (0)
  Page1GB - 1 GB large page                               = 0 (1)
  RDTSCP - RDTSCP instruction                             = 1 (1)
  LM - AMD64 Long Mode                                    = 0 (1)
  3DNOWEXT - AMD Extensions to 3DNow                      = 0 (0)
  3DNOW - AMD 3DNow                                       = 0 (0)
  LahfSahf - LAHF/SAHF support in 64-bit mode             = 1 (1)
  CmpLegacy - Core multi-processing legacy mode           = 0 (0)
  SVM - AMD VM extensions                                 = 0 (0)
  EXTAPIC - AMD Extended APIC registers                   = 0 (0)
  CR8L - AMD LOCK MOV CR0 means MOV CR8                   = 0 (0)
  ABM - AMD Advanced Bit Manipulation                     = 0 (1)
  SSE4A - SSE4A instructions                              = 0 (0)
  MISALIGNSSE - AMD Misaligned SSE mode                   = 0 (0)
  3DNOWPRF - AMD PREFETCH and PREFETCHW instructions      = 0 (1)
  OSVW - AMD OS Visible Workaround                        = 0 (0)
  IBS - Instruct Based Sampling                           = 0 (0)
  XOP - Extended Operation support                        = 0 (0)
  SKINIT - SKINIT, STGI, and DEV support                  = 0 (0)
  WDT - AMD Watchdog Timer support                        = 0 (0)
  LWP - Lightweight Profiling support                     = 0 (0)
  FMA4 - Four operand FMA instruction support             = 0 (0)
  NodeId - NodeId in MSR C001_100C                        = 0 (0)
  TBM - Trailing Bit Manipulation instructions            = 0 (0)
  TOPOEXT - Topology Extensions                           = 0 (0)
Full Name:                       "Intel(R) Core(TM) i7-6700K CPU @ 4.00GHz"
TLB 2/4M Instr/Uni:              res0     0 entries
TLB 2/4M Data:                   res0     0 entries
TLB 4K Instr/Uni:                res0     0 entries
TLB 4K Data:                     res0     0 entries
L1 Instr Cache Line Size:        0 bytes
L1 Instr Cache Lines Per Tag:    0
L1 Instr Cache Associativity:    res0  
L1 Instr Cache Size:             0 KB
L1 Data Cache Line Size:         0 bytes
L1 Data Cache Lines Per Tag:     0
L1 Data Cache Associativity:     res0  
L1 Data Cache Size:              0 KB
L2 TLB 2/4M Instr/Uni:           off       0 entries
L2 TLB 2/4M Data:                off       0 entries
L2 TLB 4K Instr/Uni:             off       0 entries
L2 TLB 4K Data:                  off       0 entries
L2 Cache Line Size:              0 bytes
L2 Cache Lines Per Tag:          0
L2 Cache Associativity:          off   
L2 Cache Size:                   0 KB
APM Features:                    TscInvariant
Host Invariant-TSC support:      true 
Physical Address Width:          42 bits
Virtual Address Width:           48 bits
Guest Physical Address Width:    0 bits
Physical Core Count:             1
!!
!! {handlers, phys virt hyper stats}
!!
Physical handlers: (PhysHandlers=65160 (0xfe88))
From             - To (incl)         HandlerHC         UserHC            HandlerGC UserGC    Type     Description
0000000000008000 - 0000000000008fff  00007fb0f14dd490  00007fb0f80158a0  ff5fa1a0  ff6768a0  Write    Guest Paging Access Handler
00000000000a0000 - 00000000000bffff  00007fb0f14b5470  00007fb0d156d770  ff5d0ba0  ff44e770  MMIO     VGA - VGA Video Buffer
00000000000c0000 - 00000000000c8fff  00007fb0f14d3310  00007fb0d156d950  ff5efd70  ff44e950  Write    VGA BIOS
00000000000e0000 - 00000000000e0fff  00007fb0f14d3310  00007fb0d157e5e0  ff5efd70  ff45f5e0  Write    ACPI RSDP
00000000000e1000 - 00000000000e1fff  00007fb0f14d3310  00007fb0d1558270  ff5efd70  ff439270  Write    DMI tables
00000000000e2000 - 00000000000effff  00007fb0f14d3310  00007fb0d1558b70  ff5efd70  ff439b70  Write    Net Boot ROM
00000000000f0000 - 00000000000fffff  00007fb0f14d3310  00007fb0d1558360  ff5efd70  ff439360  Write    PC BIOS - 0xfffff
0000000000112000 - 0000000000112fff  00007fb0f14dd490  00007fb0f8015970  ff5fa1a0  ff676970  Write    Guest Paging Access Handler
00000000e0000000 - 00000000e08fffff  00007fb0cad320e0  00007fb0d8006100  ff92f4e0  ff952100  Write    VGA LFB
00000000f0000000 - 00000000f0000fff  00007fb0f14b5470  00007fb0d157f5f0  ff5d0ba0  ff4605f0  MMIO     PCNet
00000000f0804000 - 00000000f0804fff  00007fb0f14b5470  00007fb0d157f8d0  ff5d0ba0  ff4608d0  MMIO     USB OHCI
00000000f0805000 - 00000000f0805fff  00007fb0f14b5470  00007fb0d157fa90  ff5d0ba0  ff460a90  MMIO     USB EHCI
00000000f0806000 - 00000000f0807fff  00007fb0f14b5470  00007fb0d1580000  ff5d0ba0  ff461000  MMIO     AHCI
00000000fee00000 - 00000000fee00fff  00007fb0f14b5470  00007fb0d155b520  ff5d0ba0  ff43c520  MMIO     APIC Memory
00000000ffff0000 - 00000000ffffffff  00007fb0f14d3310  00007fb0d15586a0  ff5efd70  ff4396a0  Write    PC BIOS - 0xffffffff
Virtual handlers:
From             - To (excl)         HandlerHC         HandlerGC Type       Description
Hypervisor Virtual handlers:
From             - To (excl)         HandlerHC         HandlerGC Type       Description
00000000ff406c90 - 00000000ff40748f  0000000000000000  ff568a30  WriteHyp   Shadow IDT write access handler
00000000ff408160 - 00000000ff4081e7  0000000000000000  ff568920  WriteHyp   Shadow TSS write access handler
00000000ff701000 - 00000000ff710fff  0000000000000000  ff568860  WriteHyp   Shadow GDT write access handler
00000000ff712000 - 00000000ff722fff  0000000000000000  ff5688c0  WriteHyp   Shadow LDT write access handler
!!
!! {timers, <NULL>}
!!
Timers (pVM=00007fb0d801a000)
pTimerR3         offNext  offPrev  offSched Clock               Time             Expire HzHint State                     Description
00007fb0d1580430 ffffff80 fffed750 00000000 Real            63478927           63478905      0 2-ACTIVE                  EMT Yielder
00007fb0d15803b0 fffda1d0 00000080 00000000 Real            63478927           63479112      0 2-ACTIVE                  CPU Load Timer
00007fb0d157efc0 00000000 00000000 00000000 Virt          4757866097                  0      0 1-STOPPED                 Serial Transmit Timer
00007fb0d157ef40 00000000 00000000 00000000 Virt          4757866097                  0      0 1-STOPPED                 Serial Fifo Timer
00007fb0d157ec00 00000000 fffddb40 00000000 VrSy          3713199587       599932015941      0 2-ACTIVE                  ACPI PM Timer
00007fb0d157cf60 00000000 00000000 00000000 Virt          4757866097                  0      0 1-STOPPED                 USB Frame Timer
00007fb0d157b5f0 00000000 00000000 00000000 Virt          4757866097                  0      0 1-STOPPED                 USB2 Frame Timer (no sync)
00007fb0d157b570 00000000 00000000 00000000 VrSy          3713199587                  0      0 1-STOPPED                 USB2 Frame Timer (sync)
00007fb0d1579cf0 00000000 00000000 00000000 Virt          4757866097         4759190231      0 2-ACTIVE                  DevIchAc97
00007fb0d15797d0 00000000 00000000 00000000 Virt          4757866097                  0      0 1-STOPPED                 PCNet Restore Timer
00007fb0d1579750 00000000 00000000 00000000 Virt          4757866097                  0      0 1-STOPPED                 PCNet SoftInt Timer
00007fb0d15796d0 00000000 00000000 00000000 Virt          4757866097                  0      0 1-STOPPED                 PCNet Poll Timer
00007fb0d1574620 00000000 00000000 00000000 Virt          4757866097                  0      0 1-STOPPED                 AHCI CCC Timer
00007fb0d156db80 000128b0 00000000 00000000 Real            63478928           63478892      0 2-ACTIVE                  VGA Refresh Timer
00007fb0d1563cf0 00000000 00000000 00000000 Virt          4757866097                  0      0 1-STOPPED                 Heartbeat flatlined
00007fb0d155c7c0 00000000 00000000 00000000 VrSy          3713199587         2990244140      0 1-STOPPED                 MC146818 RTC/CMOS - Second2
00007fb0d155c740 000224c0 fffff980 00000000 VrSy          3713199587         3990000000      0 2-ACTIVE                  MC146818 RTC/CMOS - Second
00007fb0d155c6c0 00000000 00000000 00000000 VrSy          3713199587                  0      0 1-STOPPED                 MC146818 RTC/CMOS - Periodic
00007fb0d155c0c0 00000680 00000000 00000000 VrSy          3713199587         3718198825    100 2-ACTIVE                  i8254 Programmable Interval Timer
00007fb0d155b6e0 00000000 00000000 00000000 VrSy          3713199587                  0      0 1-STOPPED                 APIC Timer #0
00007fb0d155a700 00000000 00000000 00000000 Virt          4757866097                  0      0 1-STOPPED                 PS2M Delay Timer
00007fb0d155a680 00000000 00000000 00000000 Real            63478928                  0      0 1-STOPPED                 PS2M Throttle Timer
00007fb0d155a600 00000000 00000000 00000000 Virt          4757866097           36271528      0 1-STOPPED                 PS2K Delay Timer
00007fb0d155a580 00000000 00025e30 00000000 Real            63478928           63479385      0 2-ACTIVE                  PS2K Typematic Timer
00007fb0d1557bd0 00000000 00000000 00000000 Real            63478928                  0      0 1-STOPPED                 BlkCache-Commit
!!
!! {activetimers, <NULL>}
!!
Active Timers (pVM=00007fb0d801a000)
pTimerR3         offNext  offPrev  offSched Clock               Time             Expire HzHint State                     Description
00007fb0d156db80 000128b0 00000000 00000000 Real            63478928           63478892      0 2-ACTIVE                  VGA Refresh Timer
00007fb0d1580430 ffffff80 fffed750 00000000 Real            63478928           63478905      0 2-ACTIVE                  EMT Yielder
00007fb0d15803b0 fffda1d0 00000080 00000000 Real            63478928           63479112      0 2-ACTIVE                  CPU Load Timer
00007fb0d155a580 00000000 00025e30 00000000 Real            63478928           63479385      0 2-ACTIVE                  PS2K Typematic Timer
00007fb0d1579cf0 00000000 00000000 00000000 Virt          4757866097         4759190231      0 2-ACTIVE                  DevIchAc97
00007fb0d155c0c0 00000680 00000000 00000000 VrSy          3713199587         3718198825    100 2-ACTIVE                  i8254 Programmable Interval Timer
00007fb0d155c740 000224c0 fffff980 00000000 VrSy          3713199587         3990000000      0 2-ACTIVE                  MC146818 RTC/CMOS - Second
00007fb0d157ec00 00000000 fffddb40 00000000 VrSy          3713199587       599932015941      0 2-ACTIVE                  ACPI PM Timer
!!
!! {ahci0}
!!
ahci#0: mmio=00000000f0806000 ports=1 GC=true  R0=true 
HbaCap=0xc8241f80
HbaCtrl=0x80000000
HbaIs=0x0
HbaPi=0x1HbaVs=0x10100
HbaCccCtl=0x0
HbaCccPorts=0x0
PortsInterrupted=0x0
Port 0: async=true  device-attached=true 
PortClb=0x9f800
PortClbU=0x0
PortFb=0x9fa00
PortFbU=0x0
PortIs=0x0
PortIe=0x0
PortCmd=0x114016
PortTfd=0x50
PortSig=0xeb140101
PortSSts=0x123
PortSCtl=0x0
PortSErr=0x0
PortSAct=0x0
PortCi=0x0
PortPhysClb=000000000009f800
PortPhysFb=000000000009fa00
PortActTasksActive=0
PortPoweredOn=true 
PortSpunUp=true 
PortFirstD2HFisSend=true 
PortATAPI=true 
PortTasksFinished=0x1
PortQueuedTasksFinished=0x0
PortTasksNew=0x0

!!
!! {apic}
!!
CPU0: Local APIC at fee00900:
  LAPIC ID  : 00000000
    APIC ID = 00
  APIC VER   : 00050014
    version  = 14
    lvts     = 6
  TPR        : 00000000
    task pri = 0/0
  PPR        : 00000000
    cpu pri  = 0/0
  LDR       : 00000000
    log id  = 00
  DFR       : 0fffffff
  SVR       : 0000010f
    focus   = check on
    lapic   = ENABLED
    vector  = 0f
  ISR       : 0000000000000000000000000000000000000000000000000000000000000000
    pending = none
  IRR       : 0000000000000000000000000000000000000000000000000000000000000000
    pending = none
!!
!! {cfgm}
!!
pRoot=00007fb0e8003700:{/}
[/] (level 0)
  CSAMEnabled       <integer> = 0x0000000000000001 (1)
  CpuExecutionCap   <integer> = 0x0000000000000064 (100)
  EnablePAE         <integer> = 0x0000000000000000 (0)
  HMEnabled         <integer> = 0x0000000000000001 (1)
  MemBalloonSize    <integer> = 0x0000000000000000 (0)
  Name              <string>  = "OS4" (cb=4)
  NumCPUs           <integer> = 0x0000000000000001 (1)
  PATMEnabled       <integer> = 0x0000000000000001 (1)
  PageFusionAllowed <integer> = 0x0000000000000000 (0)
  RamHoleSize       <integer> = 0x0000000020000000 (536 870 912, 512 MB)
  RamSize           <integer> = 0x0000000008000000 (134 217 728, 128 MB)
  RawR0Enabled      <integer> = 0x0000000000000001 (1)
  RawR3Enabled      <integer> = 0x0000000000000001 (1)
  TimerMillies      <integer> = 0x000000000000000a (10)
  UUID              <bytes>   = "9b 4b ad dd 13 42 31 48 a5 79 a1 1c 9b ba 21 81" (cb=16)

[/CPUM/] (level 1)
  PortableCpuIdLevel <integer> = 0x0000000000000000 (0)

[/DBGF/] (level 1)
  Path <string>  = "/home/zoreno/VirtualBox VMs/OS4/debug/;/home/zoreno/VirtualBox VMs/OS4/;/home/zoreno/" (cb=86)

[/Devices/] (level 1)

[/Devices/8237A/] (level 2)

[/Devices/8237A/0/] (level 3)
  Trusted <integer> = 0x0000000000000001 (1)

[/Devices/8237A/0/Config/] (level 4) (restricted root)

[/Devices/VMMDev/] (level 2)

[/Devices/VMMDev/0/] (level 3)
  PCIBusNo      <integer> = 0x0000000000000000 (0)
  PCIDeviceNo   <integer> = 0x0000000000000004 (4)
  PCIFunctionNo <integer> = 0x0000000000000000 (0)
  Trusted       <integer> = 0x0000000000000001 (1)

[/Devices/VMMDev/0/Config/] (level 4) (restricted root)
  GuestCoreDumpDir <string>  = "/home/zoreno/VirtualBox VMs/OS4/Snapshots" (cb=42)
  RamSize          <integer> = 0x0000000008000000 (134 217 728, 128 MB)

[/Devices/VMMDev/0/LUN#0/] (level 4)
  Driver <string>  = "HGCM" (cb=5)

[/Devices/VMMDev/0/LUN#0/Config/] (level 5) (restricted root)
  Object <integer> = 0x00007fb0dc000a70 (140 397 581 961 840)

[/Devices/VMMDev/0/LUN#999/] (level 4)
  Driver <string>  = "MainStatus" (cb=11)

[/Devices/VMMDev/0/LUN#999/Config/] (level 5) (restricted root)
  First   <integer> = 0x0000000000000000 (0)
  Last    <integer> = 0x0000000000000000 (0)
  papLeds <integer> = 0x00007fb0e00017e8 (140 397 649 074 152)

[/Devices/acpi/] (level 2)

[/Devices/acpi/0/] (level 3)
  PCIBusNo      <integer> = 0x0000000000000000 (0)
  PCIDeviceNo   <integer> = 0x0000000000000007 (7)
  PCIFunctionNo <integer> = 0x0000000000000000 (0)
  Trusted       <integer> = 0x0000000000000001 (1)

[/Devices/acpi/0/Config/] (level 4) (restricted root)
  CpuHotPlug          <integer> = 0x0000000000000000 (0)
  FdcEnabled          <integer> = 0x0000000000000000 (0)
  HostBusPciAddress   <integer> = 0x0000000000000000 (0)
  HpetEnabled         <integer> = 0x0000000000000000 (0)
  IOAPIC              <integer> = 0x0000000000000000 (0)
  IocPciAddress       <integer> = 0x0000000000010000 (65 536)
  NumCPUs             <integer> = 0x0000000000000001 (1)
  Parallel0IoPortBase <integer> = 0x0000000000000000 (0)
  Parallel0Irq        <integer> = 0x0000000000000000 (0)
  Parallel1IoPortBase <integer> = 0x0000000000000000 (0)
  Parallel1Irq        <integer> = 0x0000000000000000 (0)
  RamHoleSize         <integer> = 0x0000000020000000 (536 870 912, 512 MB)
  RamSize             <integer> = 0x0000000008000000 (134 217 728, 128 MB)
  Serial0IoPortBase   <integer> = 0x00000000000003f8 (1 016)
  Serial0Irq          <integer> = 0x0000000000000004 (4)
  Serial1IoPortBase   <integer> = 0x0000000000000000 (0)
  Serial1Irq          <integer> = 0x0000000000000000 (0)
  ShowCpu             <integer> = 0x0000000000000000 (0)
  ShowRtc             <integer> = 0x0000000000000000 (0)
  SmcEnabled          <integer> = 0x0000000000000000 (0)

[/Devices/acpi/0/LUN#0/] (level 4)
  Driver <string>  = "ACPIHost" (cb=9)

[/Devices/acpi/0/LUN#0/Config/] (level 5) (restricted root)

[/Devices/ahci/] (level 2)

[/Devices/ahci/0/] (level 3)
  PCIBusNo      <integer> = 0x0000000000000000 (0)
  PCIDeviceNo   <integer> = 0x000000000000000d (13)
  PCIFunctionNo <integer> = 0x0000000000000000 (0)
  Trusted       <integer> = 0x0000000000000001 (1)

[/Devices/ahci/0/Config/] (level 4) (restricted root)
  Bootable  <integer> = 0x0000000000000001 (1)
  PortCount <integer> = 0x0000000000000001 (1)

[/Devices/ahci/0/Config/Port0/] (level 5)
  Hotpluggable        <integer> = 0x0000000000000000 (0)
  NonRotationalMedium <integer> = 0x0000000000000000 (0)

[/Devices/ahci/0/LUN#0/] (level 4)
  Driver <string>  = "Block" (cb=6)

[/Devices/ahci/0/LUN#0/AttachedDriver/] (level 5)
  Driver <string>  = "VD" (cb=3)

[/Devices/ahci/0/LUN#0/AttachedDriver/Config/] (level 6) (restricted root)
  Format   <string>  = "RAW" (cb=4)
  Path     <string>  = "/home/zoreno/Documents/OS4/os.iso" (cb=34)
  ReadOnly <integer> = 0x0000000000000001 (1)
  Type     <string>  = "DVD" (cb=4)
  UseNewIo <integer> = 0x0000000000000001 (1)

[/Devices/ahci/0/LUN#0/AttachedDriver/Config/Plugins/] (level 7)

[/Devices/ahci/0/LUN#0/AttachedDriver/Config/Plugins/VDPluginCrypt/] (level 8)
  Path <string>  = "/usr/lib/virtualbox/ExtensionPacks/Oracle_VM_VirtualBox_Extension_Pack/linux.amd64/VDPluginCrypt.so" (cb=100)

[/Devices/ahci/0/LUN#0/Config/] (level 5) (restricted root)
  Mountable <integer> = 0x0000000000000001 (1)
  Type      <string>  = "DVD" (cb=4)

[/Devices/ahci/0/LUN#999/] (level 4)
  Driver <string>  = "MainStatus" (cb=11)

[/Devices/ahci/0/LUN#999/Config/] (level 5) (restricted root)
  DeviceInstance        <string>  = "ahci/0" (cb=7)
  First                 <integer> = 0x0000000000000000 (0)
  Last                  <integer> = 0x0000000000000000 (0)
  pConsole              <integer> = 0x00007fb0e0001180 (140 397 649 072 512)
  papLeds               <integer> = 0x00007fb0e00014d8 (140 397 649 073 368)
  pmapMediumAttachments <integer> = 0x00007fb0e0001808 (140 397 649 074 184)

[/Devices/apic/] (level 2)

[/Devices/apic/0/] (level 3)
  Trusted <integer> = 0x0000000000000001 (1)

[/Devices/apic/0/Config/] (level 4) (restricted root)
  IOAPIC  <integer> = 0x0000000000000000 (0)
  NumCPUs <integer> = 0x0000000000000001 (1)

[/Devices/e1000/] (level 2)

[/Devices/i8254/] (level 2)

[/Devices/i8254/0/] (level 3)

[/Devices/i8254/0/Config/] (level 4) (restricted root)

[/Devices/i8259/] (level 2)

[/Devices/i8259/0/] (level 3)
  Trusted <integer> = 0x0000000000000001 (1)

[/Devices/i8259/0/Config/] (level 4) (restricted root)

[/Devices/ichac97/] (level 2)

[/Devices/ichac97/0/] (level 3)
  PCIBusNo      <integer> = 0x0000000000000000 (0)
  PCIDeviceNo   <integer> = 0x0000000000000005 (5)
  PCIFunctionNo <integer> = 0x0000000000000000 (0)
  Trusted       <integer> = 0x0000000000000001 (1)

[/Devices/ichac97/0/AudioConfig/] (level 4)

[/Devices/ichac97/0/Config/] (level 4) (restricted root)
  Codec <string>  = "STAC9700" (cb=9)

[/Devices/ichac97/0/LUN#0/] (level 4)
  Driver <string>  = "AUDIO" (cb=6)

[/Devices/ichac97/0/LUN#0/AttachedDriver/] (level 5)
  Driver <string>  = "PulseAudio" (cb=11)

[/Devices/ichac97/0/LUN#0/AttachedDriver/Config/] (level 6) (restricted root)
  StreamName <string>  = "OS4" (cb=4)

[/Devices/ichac97/0/LUN#0/Config/] (level 5) (restricted root)

[/Devices/ichac97/0/LUN#1/] (level 4)
  Driver <string>  = "AUDIO" (cb=6)

[/Devices/ichac97/0/LUN#1/AttachedDriver/] (level 5)
  Driver <string>  = "AudioVRDE" (cb=10)

[/Devices/ichac97/0/LUN#1/AttachedDriver/Config/] (level 6) (restricted root)
  AudioDriver      <string>  = "AudioVRDE" (cb=10)
  Object           <integer> = 0x00007fb0e0007770 (140 397 649 098 608)
  ObjectVRDPServer <integer> = 0x00007fb0e0007db0 (140 397 649 100 208)
  StreamName       <string>  = "OS4" (cb=4)

[/Devices/ichac97/0/LUN#1/Config/] (level 5) (restricted root)

[/Devices/mc146818/] (level 2)

[/Devices/mc146818/0/] (level 3)

[/Devices/mc146818/0/Config/] (level 4) (restricted root)
  UseUTC <integer> = 0x0000000000000000 (0)

[/Devices/parallel/] (level 2)

[/Devices/pcarch/] (level 2)

[/Devices/pcarch/0/] (level 3)
  Trusted <integer> = 0x0000000000000001 (1)

[/Devices/pcarch/0/Config/] (level 4) (restricted root)

[/Devices/pcbios/] (level 2)

[/Devices/pcbios/0/] (level 3)
  Trusted <integer> = 0x0000000000000001 (1)

[/Devices/pcbios/0/Config/] (level 4) (restricted root)
  BootDevice0        <string>  = "DVD" (cb=4)
  BootDevice1        <string>  = "IDE" (cb=4)
  BootDevice2        <string>  = "FLOPPY" (cb=7)
  BootDevice3        <string>  = "NONE" (cb=5)
  FloppyDevice       <string>  = "i82078" (cb=7)
  HardDiskDevice     <string>  = "piix3ide" (cb=9)
  IOAPIC             <integer> = 0x0000000000000000 (0)
  LanBootRom         <string>  = "/usr/lib/virtualbox/ExtensionPacks/Oracle_VM_VirtualBox_Extension_Pack/PXE-Intel.rom" (cb=85)
  McfgBase           <integer> = 0x0000000000000000 (0)
  McfgLength         <integer> = 0x0000000000000000 (0)
  NumCPUs            <integer> = 0x0000000000000001 (1)
  PXEDebug           <integer> = 0x0000000000000000 (0)
  RamHoleSize        <integer> = 0x0000000020000000 (536 870 912, 512 MB)
  RamSize            <integer> = 0x0000000008000000 (134 217 728, 128 MB)
  SataHardDiskDevice <string>  = "ahci" (cb=5)
  UUID               <bytes>   = "9b 4b ad dd 13 42 31 48 a5 79 a1 1c 9b ba 21 81" (cb=16)

[/Devices/pcbios/0/Config/NetBoot/] (level 5)

[/Devices/pcbios/0/Config/NetBoot/0/] (level 6)
  NIC           <integer> = 0x0000000000000000 (0)
  PCIBusNo      <integer> = 0x0000000000000000 (0)
  PCIDeviceNo   <integer> = 0x0000000000000003 (3)
  PCIFunctionNo <integer> = 0x0000000000000000 (0)

[/Devices/pci/] (level 2)

[/Devices/pci/0/] (level 3)
  Trusted <integer> = 0x0000000000000001 (1)

[/Devices/pci/0/Config/] (level 4) (restricted root)
  IOAPIC <integer> = 0x0000000000000000 (0)

[/Devices/pckbd/] (level 2)

[/Devices/pckbd/0/] (level 3)
  Trusted <integer> = 0x0000000000000001 (1)

[/Devices/pckbd/0/Config/] (level 4) (restricted root)

[/Devices/pckbd/0/LUN#0/] (level 4)
  Driver <string>  = "KeyboardQueue" (cb=14)

[/Devices/pckbd/0/LUN#0/AttachedDriver/] (level 5)
  Driver <string>  = "MainKeyboard" (cb=13)

[/Devices/pckbd/0/LUN#0/AttachedDriver/Config/] (level 6) (restricted root)
  Object <integer> = 0x00007fb0e0002900 (140 397 649 078 528)

[/Devices/pckbd/0/LUN#0/Config/] (level 5) (restricted root)
  QueueSize <integer> = 0x0000000000000040 (64)

[/Devices/pckbd/0/LUN#1/] (level 4)
  Driver <string>  = "MouseQueue" (cb=11)

[/Devices/pckbd/0/LUN#1/AttachedDriver/] (level 5)
  Driver <string>  = "MainMouse" (cb=10)

[/Devices/pckbd/0/LUN#1/AttachedDriver/Config/] (level 6) (restricted root)
  Object <integer> = 0x00007fb0e0003100 (140 397 649 080 576)

[/Devices/pckbd/0/LUN#1/Config/] (level 5) (restricted root)
  QueueSize <integer> = 0x0000000000000080 (128)

[/Devices/pcnet/] (level 2)

[/Devices/pcnet/0/] (level 3)
  PCIBusNo      <integer> = 0x0000000000000000 (0)
  PCIDeviceNo   <integer> = 0x0000000000000003 (3)
  PCIFunctionNo <integer> = 0x0000000000000000 (0)
  Trusted       <integer> = 0x0000000000000001 (1)

[/Devices/pcnet/0/Config/] (level 4) (restricted root)
  Am79C973       <integer> = 0x0000000000000001 (1)
  CableConnected <integer> = 0x0000000000000001 (1)
  LineSpeed      <integer> = 0x0000000000000000 (0)
  MAC            <bytes>   = "08 00 27 d7 f2 53" (cb=6)

[/Devices/pcnet/0/LUN#0/] (level 4)
  Driver <string>  = "NAT" (cb=4)

[/Devices/pcnet/0/LUN#0/Config/] (level 5) (restricted root)
  AliasMode       <integer> = 0x0000000000000000 (0)
  BootFile        <string>  = "OS4.pxe" (cb=8)
  DNSProxy        <integer> = 0x0000000000000000 (0)
  Network         <string>  = "10.0.2.0/24" (cb=12)
  PassDomain      <integer> = 0x0000000000000001 (1)
  TFTPPrefix      <string>  = "/home/zoreno/.config/VirtualBox/TFTP" (cb=37)
  UseHostResolver <integer> = 0x0000000000000000 (0)

[/Devices/pcnet/0/LUN#999/] (level 4)
  Driver <string>  = "MainStatus" (cb=11)

[/Devices/pcnet/0/LUN#999/Config/] (level 5) (restricted root)
  First   <integer> = 0x0000000000000000 (0)
  Last    <integer> = 0x0000000000000000 (0)
  papLeds <integer> = 0x00007fb0e00016c8 (140 397 649 073 864)

[/Devices/piix3ide/] (level 2)

[/Devices/piix3ide/0/] (level 3)
  PCIBusNo      <integer> = 0x0000000000000000 (0)
  PCIDeviceNo   <integer> = 0x0000000000000001 (1)
  PCIFunctionNo <integer> = 0x0000000000000001 (1)
  Trusted       <integer> = 0x0000000000000001 (1)

[/Devices/piix3ide/0/Config/] (level 4) (restricted root)
  Type <string>  = "PIIX4" (cb=6)

[/Devices/piix3ide/0/Config/PrimaryMaster/] (level 5)
  NonRotationalMedium <integer> = 0x0000000000000000 (0)

[/Devices/piix3ide/0/LUN#0/] (level 4)
  Driver <string>  = "Block" (cb=6)

[/Devices/piix3ide/0/LUN#0/AttachedDriver/] (level 5)
  Driver <string>  = "VD" (cb=3)

[/Devices/piix3ide/0/LUN#0/AttachedDriver/Config/] (level 6) (restricted root)
  Format <string>  = "VDI" (cb=4)
  Path   <string>  = "/home/zoreno/Documents/OS4/hard_drive.vdi" (cb=42)
  Type   <string>  = "HardDisk" (cb=9)

[/Devices/piix3ide/0/LUN#0/AttachedDriver/Config/Plugins/] (level 7)

[/Devices/piix3ide/0/LUN#0/AttachedDriver/Config/Plugins/VDPluginCrypt/] (level 8)
  Path <string>  = "/usr/lib/virtualbox/ExtensionPacks/Oracle_VM_VirtualBox_Extension_Pack/linux.amd64/VDPluginCrypt.so" (cb=100)

[/Devices/piix3ide/0/LUN#0/Config/] (level 5) (restricted root)
  Mountable <integer> = 0x0000000000000000 (0)
  Type      <string>  = "HardDisk" (cb=9)

[/Devices/piix3ide/0/LUN#999/] (level 4)
  Driver <string>  = "MainStatus" (cb=11)

[/Devices/piix3ide/0/LUN#999/Config/] (level 5) (restricted root)
  DeviceInstance        <string>  = "piix3ide/0" (cb=11)
  First                 <integer> = 0x0000000000000000 (0)
  Last                  <integer> = 0x0000000000000003 (3)
  pConsole              <integer> = 0x00007fb0e0001180 (140 397 649 072 512)
  papLeds               <integer> = 0x00007fb0e00014b8 (140 397 649 073 336)
  pmapMediumAttachments <integer> = 0x00007fb0e0001808 (140 397 649 074 184)

[/Devices/serial/] (level 2)

[/Devices/serial/0/] (level 3)

[/Devices/serial/0/Config/] (level 4) (restricted root)
  IOBase <integer> = 0x00000000000003f8 (1 016)
  IRQ    <integer> = 0x0000000000000004 (4)

[/Devices/serial/0/LUN#0/] (level 4)
  Driver <string>  = "Char" (cb=5)

[/Devices/serial/0/LUN#0/AttachedDriver/] (level 5)
  Driver <string>  = "RawFile" (cb=8)

[/Devices/serial/0/LUN#0/AttachedDriver/Config/] (level 6) (restricted root)
  Location <string>  = "/home/zoreno/Documents/OS4/com.out" (cb=35)

[/Devices/serial/0/LUN#0/Config/] (level 5) (restricted root)

[/Devices/usb-ehci/] (level 2)

[/Devices/usb-ehci/0/] (level 3)
  PCIBusNo      <integer> = 0x0000000000000000 (0)
  PCIDeviceNo   <integer> = 0x000000000000000b (11)
  PCIFunctionNo <integer> = 0x0000000000000000 (0)
  Trusted       <integer> = 0x0000000000000001 (1)

[/Devices/usb-ehci/0/Config/] (level 4) (restricted root)

[/Devices/usb-ehci/0/LUN#0/] (level 4)
  Driver <string>  = "VUSBRootHub" (cb=12)

[/Devices/usb-ehci/0/LUN#0/Config/] (level 5) (restricted root)

[/Devices/usb-ehci/0/LUN#999/] (level 4)
  Driver <string>  = "MainStatus" (cb=11)

[/Devices/usb-ehci/0/LUN#999/Config/] (level 5) (restricted root)
  First   <integer> = 0x0000000000000000 (0)
  Last    <integer> = 0x0000000000000000 (0)
  papLeds <integer> = 0x00007fb0e00017f8 (140 397 649 074 168)

[/Devices/usb-ohci/] (level 2)

[/Devices/usb-ohci/0/] (level 3)
  PCIBusNo      <integer> = 0x0000000000000000 (0)
  PCIDeviceNo   <integer> = 0x0000000000000006 (6)
  PCIFunctionNo <integer> = 0x0000000000000000 (0)
  Trusted       <integer> = 0x0000000000000001 (1)

[/Devices/usb-ohci/0/Config/] (level 4) (restricted root)

[/Devices/usb-ohci/0/LUN#0/] (level 4)
  Driver <string>  = "VUSBRootHub" (cb=12)

[/Devices/usb-ohci/0/LUN#0/Config/] (level 5) (restricted root)

[/Devices/usb-ohci/0/LUN#999/] (level 4)
  Driver <string>  = "MainStatus" (cb=11)

[/Devices/usb-ohci/0/LUN#999/Config/] (level 5) (restricted root)
  First   <integer> = 0x0000000000000000 (0)
  Last    <integer> = 0x0000000000000000 (0)
  papLeds <integer> = 0x00007fb0e00017f0 (140 397 649 074 160)

[/Devices/vga/] (level 2)

[/Devices/vga/0/] (level 3)
  PCIBusNo      <integer> = 0x0000000000000000 (0)
  PCIDeviceNo   <integer> = 0x0000000000000002 (2)
  PCIFunctionNo <integer> = 0x0000000000000000 (0)
  Trusted       <integer> = 0x0000000000000001 (1)

[/Devices/vga/0/Config/] (level 4) (restricted root)
  CustomVideoModes <integer> = 0x0000000000000000 (0)
  FadeIn           <integer> = 0x0000000000000001 (1)
  FadeOut          <integer> = 0x0000000000000001 (1)
  HeightReduction  <integer> = 0x0000000000000000 (0)
  LogoFile         <string>  = "" (cb=1)
  LogoTime         <integer> = 0x0000000000000000 (0)
  MonitorCount     <integer> = 0x0000000000000001 (1)
  ShowBootMenu     <integer> = 0x0000000000000002 (2)
  VRamSize         <integer> = 0x0000000000900000 (9 437 184, 9 MB)

[/Devices/vga/0/LUN#0/] (level 4)
  Driver <string>  = "MainDisplay" (cb=12)

[/Devices/vga/0/LUN#0/Config/] (level 5) (restricted root)
  Object <integer> = 0x00007fb0e0003c30 (140 397 649 083 440)

[/Devices/vga/0/LUN#999/] (level 4)
  Driver <string>  = "MainStatus" (cb=11)

[/Devices/vga/0/LUN#999/Config/] (level 5) (restricted root)
  First   <integer> = 0x0000000000000000 (0)
  Last    <integer> = 0x0000000000000000 (0)
  papLeds <integer> = 0x00007fb0e0001800 (140 397 649 074 176)

[/Devices/virtio-net/] (level 2)

[/EM/] (level 1)
  TripleFaultReset <integer> = 0x0000000000000000 (0)

[/GIM/] (level 1)
  Provider <string>  = "None" (cb=5)

[/HM/] (level 1)
  64bitEnabled       <integer> = 0x0000000000000000 (0)
  EnableLargePages   <integer> = 0x0000000000000000 (0)
  EnableNestedPaging <integer> = 0x0000000000000001 (1)
  EnableUX           <integer> = 0x0000000000000001 (1)
  EnableVPID         <integer> = 0x0000000000000001 (1)
  Exclusive          <integer> = 0x0000000000000001 (1)
  HMForced           <integer> = 0x0000000000000000 (0)

[/MM/] (level 1)
  CanUseLargerHeap <integer> = 0x0000000000000000 (0)

[/PDM/] (level 1)

[/PDM/AsyncCompletion/] (level 2)

[/PDM/AsyncCompletion/File/] (level 3)

[/PDM/AsyncCompletion/File/BwGroups/] (level 4)

[/PDM/BlkCache/] (level 2)
  CacheSize <integer> = 0x0000000000500000 (5 242 880, 5 MB)

[/PDM/Devices/] (level 2)

[/PDM/Devices/VBoxEhci/] (level 3)
  Path         <string>  = "/usr/lib/virtualbox/ExtensionPacks/Oracle_VM_VirtualBox_Extension_Pack/linux.amd64/VBoxEhciR3.so" (cb=97)
  R0SearchPath <string>  = "/usr/lib/virtualbox/ExtensionPacks/Oracle_VM_VirtualBox_Extension_Pack/linux.amd64" (cb=83)
  RCSearchPath <string>  = "/usr/lib/virtualbox/ExtensionPacks/Oracle_VM_VirtualBox_Extension_Pack/linux.amd64" (cb=83)

[/PDM/Devices/VBoxPciRaw/] (level 3)
  Path         <string>  = "/usr/lib/virtualbox/ExtensionPacks/Oracle_VM_VirtualBox_Extension_Pack/linux.amd64/VBoxPciRawR3.so" (cb=99)
  R0SearchPath <string>  = "/usr/lib/virtualbox/ExtensionPacks/Oracle_VM_VirtualBox_Extension_Pack/linux.amd64" (cb=83)

[/PDM/Drivers/] (level 2)

[/PDM/Drivers/DrvHostWebcam/] (level 3)
  Path <string>  = "/usr/lib/virtualbox/ExtensionPacks/Oracle_VM_VirtualBox_Extension_Pack/linux.amd64/VBoxHostWebcam.so" (cb=101)

[/PDM/Drivers/VBoxC/] (level 3)
  Path <string>  = "/usr/lib/virtualbox/components/VBoxC" (cb=37)

[/PDM/Drivers/VBoxPciRawDrv/] (level 3)
  Path <string>  = "/usr/lib/virtualbox/ExtensionPacks/Oracle_VM_VirtualBox_Extension_Pack/linux.amd64/VBoxPciRawDrv.so" (cb=100)

[/PDM/NetworkShaper/] (level 2)

[/PDM/NetworkShaper/BwGroups/] (level 3)

[/PDM/USB/] (level 2)

[/PDM/USB/VBoxUsbCardReader/] (level 3)
  Path <string>  = "/usr/lib/virtualbox/ExtensionPacks/Oracle_VM_VirtualBox_Extension_Pack/linux.amd64/VBoxUsbCardReaderR3.so" (cb=106)

[/PDM/USB/VBoxUsbWebcam/] (level 3)
  Path <string>  = "/usr/lib/virtualbox/ExtensionPacks/Oracle_VM_VirtualBox_Extension_Pack/linux.amd64/VBoxUsbWebcamR3.so" (cb=102)

[/TM/] (level 1)
  UTCOffset <integer> = 0x0000000000000000 (0)

[/USB/] (level 1)

[/USB/USBProxy/] (level 2)

[/USB/USBProxy/GlobalConfig/] (level 3)

!!
!! {clocks}
!!
Cpu Tick:        14882529302 (0x00000377116016) 4008006829Hz paused - virtualized - virtual clock
 Virtual:         4757866097 (0x0000011b974671) 1000000000Hz paused
VirtSync:         3713199587 (0x000000dd52ede3) paused - catchup
          offset 1043908941  catch-up rate 200 %
    Real:           63479285 (0x00000003c89df5) 1000Hz
!!
!! {cmos1}
!!
First CMOS bank, offsets 0x0E - 0x7F
Offset 00 : --- use 'info rtc' to show CMOS clock --- 00 00
Offset 10 : 00 00 f0 00 0e 80 02 ff-ff 2f 00 00 00 00 cb 00
Offset 20 : 10 ff ff ff ff 3f 00 00-00 00 00 00 00 00 08 c3
Offset 30 : ff ff 20 00 00 07 00 20-10 00 00 00 00 23 00 00
Offset 40 : 00 00 00 00 00 00 00 00-00 00 00 00 00 00 00 00
Offset 50 : 00 00 00 00 00 00 00 00-00 00 00 00 00 00 00 00
Offset 60 : 01 00 00 00 00 00 00 00-00 00 00 00 00 00 00 00
Offset 70 : 00 00 00 00 00 00 00 00-00 00 00 00 00 00 00 00
!!
!! {cmos2}
!!
Second CMOS bank, offsets 0x80 - 0xFF
Offset 80 : 00 00 18 00 ff ff ff ff-ff ff 00 00 00 00 00 00
Offset 90 : 00 00 00 00 00 00 00 00-00 00 00 00 00 00 00 00
Offset a0 : 00 00 00 00 00 00 00 00-00 00 00 00 00 00 00 00
Offset b0 : 00 00 00 00 00 00 00 00-00 00 00 00 00 00 00 00
Offset c0 : 00 00 00 00 00 00 00 00-00 00 00 00 00 00 00 00
Offset d0 : 00 00 00 00 00 00 00 00-00 00 00 00 00 00 00 00
Offset e0 : 00 00 00 00 00 00 00 00-00 00 00 00 00 00 00 00
Offset f0 : 00 00 00 00 00 00 00 00-00 00 00 00 00 00 00 00
!!
!! {ehci}
!!
USBCMD: 80b00
    EHCI_CMD_ASYNC_SCHED_PARK_ENABLE
    EHCI_CMD_FRAME_LIST_SIZE              0
    EHCI_CMD_ASYNC_SCHED_PARK_MODE_COUNT  3
    EHCI_CMD_INTERRUPT_THRESHOLD          8
USBSTS: 1000
    EHCI_STATUS_HCHALTED
USBINTR: 0
FRINDEX: 0
CTRLDSSEGMENT:    0
PERIODICLISTBASE: 0
ASYNCLISTADDR:    0

!!
!! {fflags}
!!
Global FFs: 0x208
    PDM_QUEUES, REQUEST
  Groups:
    EXTERNAL_SUSPENDED, EXTERNAL_HALTED, NORMAL_PRIORITY, ALL_REM
CPU 0 FFs: 0xfb0004
    TIMER, PGM_SYNC_CR3, PGM_SYNC_CR3_NON_GLOBAL, TLB_FLUSH, TRPM_SYNC_IDT, SELM_SYNC_TSS,
    SELM_SYNC_GDT, SELM_SYNC_LDT
  Groups:
    EXTERNAL_HALTED, HIGH_PRIORITY_PRE, HIGH_PRIORITY_PRE_RAW, HM_TO_R3, ALL_REM
!!
!! {gdt}
!!
Shadow GDT (GCAddr=ff701000):
ffd8 - 81e80087 ff008940 - base=ff4081e8 limit=00000087 dpl=0 TSS32Avail Present 16-bit  HyperTSSTrap08
ffe0 - 81600087 ff008b40 - base=ff408160 limit=00000087 dpl=0 TSS32Busy Present 16-bit  HyperTSS
ffe8 - 0000ffff 00af9b00 - base=00000000 limit=ffffffff dpl=0 CodeER Accessed Present Page 16-bit  HyperCS64
fff0 - 0000ffff 00cf9300 - base=00000000 limit=ffffffff dpl=0 DataRW Accessed Present Page 32-bit  HyperDS
fff8 - 0000ffff 00cf9b00 - base=00000000 limit=ffffffff dpl=0 CodeER Accessed Present Page 32-bit  HyperCS
!!
!! {gdtguest}
!!
Guest GDT (GCAddr=00000000c0113be0 limit=2f):
0000 - read error rc=VERR_PGM_INVALID_GC_PHYSICAL_ADDRESS GCAddr=00000000c0113be0
0008 - read error rc=VERR_PGM_INVALID_GC_PHYSICAL_ADDRESS GCAddr=00000000c0113be8
0010 - read error rc=VERR_PGM_INVALID_GC_PHYSICAL_ADDRESS GCAddr=00000000c0113bf0
0018 - read error rc=VERR_PGM_INVALID_GC_PHYSICAL_ADDRESS GCAddr=00000000c0113bf8
0020 - read error rc=VERR_PGM_INVALID_GC_PHYSICAL_ADDRESS GCAddr=00000000c0113c00
0028 - read error rc=VERR_PGM_INVALID_GC_PHYSICAL_ADDRESS GCAddr=00000000c0113c08
!!
!! {guestprops}
!!
/VirtualBox/HostInfo/GUI/LanguageID: 'en_US', 1493388463424813000
/VirtualBox/HostInfo/VBoxVerExt: '5.0.32_Ubuntu', 1493388463003931000 (TRANSIENT, RDONLYGUEST)
/VirtualBox/HostGuest/SysprepExec: '', 1493388463003712000 (TRANSIENT, RDONLYGUEST)
/VirtualBox/HostGuest/SysprepArgs: '', 1493388463003725000 (TRANSIENT, RDONLYGUEST)
/VirtualBox/HostInfo/VBoxRev: '112930', 1493388463003938000 (TRANSIENT, RDONLYGUEST)
/VirtualBox/HostInfo/VBoxVer: '5.0.32', 1493388463003923000 (TRANSIENT, RDONLYGUEST)
!!
!! {ioport}
!!
I/O Port R3 ranges (pVM=00007fb0d801a000)
Range     pDevIns          In               Out              pvUser           Description
0000-0007 00007fb0e81864b0 00007fb0cad757e0 00007fb0cad763a0 00007fb0e81865c0 DMA8 Address
0008-000f 00007fb0e81864b0 00007fb0cad75870 00007fb0cad76460 00007fb0e81865c0 DMA8 Control
0020-0021 00007fb0d155b760 00007fb0cad46c90 00007fb0cad46e10 0000000000000000 i8259 PIC #0
0040-0043 00007fb0d155bd70 00007fb0cad44320 00007fb0cad45b10 0000000000000000 i8254 Programmable Interval Timer
0060-0060 00007fb0d1559f80 00007fb0cad1b100 00007fb0cad1b4a0 0000000000000000 PC Keyboard - Data
0061-0061 00007fb0d155bd70 00007fb0cad44a30 00007fb0cad44da0 0000000000000000 PC Speaker
0064-0064 00007fb0d1559f80 00007fb0cad1a8a0 00007fb0cad1b190 0000000000000000 PC Keyboard - Command / Status
0070-0073 00007fb0d155c300 00007fb0cad4cf60 00007fb0cad4e070 0000000000000000 MC146818 RTC/CMOS
0080-0087 00007fb0e81864b0 00007fb0cad75970 00007fb0cad765c0 00007fb0e81865c0 DMA8 Page
0088-008f 00007fb0e81864b0 00007fb0cad75970 00007fb0cad765c0 00007fb0e8186660 DMA16 Page
0092-0092 00007fb0e80f48a0 00007fb0cad54350 00007fb0cad54390 0000000000000000 PS/2 system control port A (A20 and more)
00a0-00a1 00007fb0d155b760 00007fb0cad46c90 00007fb0cad46e10 0000000000000001 i8259 PIC #1
00c0-00cf 00007fb0e81864b0 00007fb0cad757e0 00007fb0cad763a0 00007fb0e8186660 DMA16 Address
00d0-00df 00007fb0e81864b0 00007fb0cad75870 00007fb0cad76460 00007fb0e8186660 DMA16 Control
00f0-00ff 00007fb0e80f48a0 00007fb0cad54250 00007fb0cad54320 0000000000000000 Math Co-Processor (DOS/OS2 mode)
0170-0170 00007fb0d15755e0 00007fb0cad43330 00007fb0cad43620 0000000000000001 ATA I/O Base 1 - Data
0171-0177 00007fb0d15755e0 00007fb0cad3aa90 00007fb0cad3b860 0000000000000001 ATA I/O Base 1 - Other
01ce-01ce 00007fb0d8006000 00007fb0cad31020 00007fb0cad30e50 0000000000000000 VGA/VBE - Index
01cf-01cf 00007fb0d8006000 00007fb0cad30ec0 00007fb0cad334b0 0000000000000000 VGA/VBE - Data
01f0-01f0 00007fb0d15755e0 00007fb0cad43330 00007fb0cad43620 0000000000000000 ATA I/O Base 1 - Data
01f1-01f7 00007fb0d15755e0 00007fb0cad3aa90 00007fb0cad3b860 0000000000000000 ATA I/O Base 1 - Other
0376-0376 00007fb0d15755e0 00007fb0cad379b0 00007fb0cad3ce00 0000000000000001 ATA I/O Base 2
03b0-03b3 00007fb0d8006000 00007fb0cad31fc0 00007fb0cad32020 0000000000000000 VGA - 3b0 (HGSMI host)
03b4-03b5 00007fb0d8006000 00007fb0cad2dd00 00007fb0cad325a0 0000000000000000 VGA - 3b4
03b6-03b6 00007fb0d8006000 00007fb0cad2ddc0 00007fb0cad2dda0 0000000000000000 VBE BIOS Extra Data
03b7-03b7 00007fb0d8006000 00007fb0cad2dd70 00007fb0cad2dd80 0000000000000000 VGA BIOS debug/panic
03b8-03b8 00007fb0d8006000 00007fb0cad2e180 00007fb0cad31080 0000000000000000 BIOS Logo
03ba-03ba 00007fb0d8006000 00007fb0cad2dd00 00007fb0cad325a0 0000000000000000 VGA - 3ba
03c0-03cf 00007fb0d8006000 00007fb0cad2dd00 00007fb0cad325a0 0000000000000000 VGA - 3c0
03d0-03d3 00007fb0d8006000 00007fb0cad31fc0 00007fb0cad32020 0000000000000000 VGA - 3d0 (HGSMI guest)
03d4-03d5 00007fb0d8006000 00007fb0cad2dd00 00007fb0cad325a0 0000000000000000 VGA - 3d4
03da-03da 00007fb0d8006000 00007fb0cad2dd00 00007fb0cad325a0 0000000000000000 VGA - 3da
03f6-03f6 00007fb0d15755e0 00007fb0cad379b0 00007fb0cad3ce00 0000000000000000 ATA I/O Base 2
03f8-03ff 00007fb0d157ec80 00007fb0cad7c6e0 00007fb0cad7da10 0000000000000000 SERIAL
0400-0403 00007fb0e80f4e10 00007fb0cad4e550 00007fb0cad4f7a0 0000000000000000 Bochs PC BIOS - Panic & Debug
04d0-04d0 00007fb0d155b760 00007fb0cad46190 00007fb0cad46210 00007fb0d155b860 i8259 PIC #0 - elcr
04d1-04d1 00007fb0d155b760 00007fb0cad46190 00007fb0cad46210 00007fb0d155b8a8 i8259 PIC #1 - elcr
0504-0504 00007fb0d155cb90 00007fb0f13caa00 00007fb0cad565d0 0000000000000000 VMMDev backdoor logging
0505-0505 00007fb0d155cb90 00007fb0cad56450 00007fb0cad56410 0000000000000000 VMMDev timesync backdoor
0cf8-0cf8 00007fb0d1558e60 00007fb0cad238c0 00007fb0cad23860 0000000000000000 i440FX (PCI)
0cfc-0cff 00007fb0d1558e60 00007fb0cad22090 00007fb0cad22010 0000000000000000 i440FX (PCI)
4000-4000 00007fb0d157cfe0 00007fb0cad47ad0 00007fb0cad48510 00007fb0d157d0e0 ACPI PM1a Status
4002-4002 00007fb0d157cfe0 00007fb0cad47b30 00007fb0cad485c0 00007fb0d157d0e0 ACPI PM1a Enable
4004-4004 00007fb0d157cfe0 00007fb0cad47a70 00007fb0cad48ab0 00007fb0d157d0e0 ACPI PM1a Control
4008-4008 00007fb0d157cfe0 00007fb0cad48420 00007fb0f13ca5a0 00007fb0d157d0e0 ACPI PM Timer
4020-4020 00007fb0d157cfe0 00007fb0cad479b0 00007fb0cad4bad0 00007fb0d157d0e0 ACPI GPE0 Status
4021-4021 00007fb0d157cfe0 00007fb0cad47a10 00007fb0cad4bb60 00007fb0d157d0e0 ACPI GPE0 Enable
4040-4040 00007fb0d157cfe0 00007fb0f13caa00 00007fb0cad48710 00007fb0d157d0e0 ACPI Battery status index
4044-4044 00007fb0d157cfe0 00007fb0cad47ea0 00007fb0f13ca5a0 00007fb0d157d0e0 ACPI Battery status data
4048-4048 00007fb0d157cfe0 00007fb0f13caa00 00007fb0cad48640 00007fb0d157d0e0 ACPI system info index
404c-404c 00007fb0d157cfe0 00007fb0cad47b90 00007fb0cad48d20 00007fb0d157d0e0 ACPI system info data
4050-4050 00007fb0d157cfe0 00007fb0f13caa00 00007fb0cad48cc0 00007fb0d157d0e0 ACPI Reset
442e-442e 00007fb0d157cfe0 00007fb0f13caa00 00007fb0cad48790 00007fb0d157d0e0 ACPI SMI
8900-8900 00007fb0e80f4e10 00007fb0cad4e550 00007fb0cad4f7a0 0000000000000000 Bochs PC BIOS - Shutdown
d000-d007 00007fb0d15755e0 00007fb0cad37aa0 00007fb0cad3cc10 0000000000000000 ATA Bus Master DMA
d008-d00f 00007fb0d15755e0 00007fb0cad37aa0 00007fb0cad3cc10 0000000000000001 ATA Bus Master DMA
d020-d02f 00007fb0d1576f90 00007fb0cad5f720 00007fb0cad5f5e0 0000000000000000 PCNet ARPOM
d030-d03f 00007fb0d1576f90 00007fb0cad65140 00007fb0cad65e20 0000000000000000 PCNet
d040-d040 00007fb0d155cb90 00007fb0f13caa00 00007fb0cad58200 00007fb0d155cc90 VMMDev Request Handler
d100-d1ff 00007fb0e8299c60 00007fb0cad681c0 00007fb0cad68820 00007fb0e8299d60 ICHAC97 NAM
d200-d23f 00007fb0e8299c60 00007fb0cad65e80 00007fb0cad671f0 00007fb0e8299d60 ICHAC97 NABM
d240-d247 00007fb0d156dcc0 00007fb0cadd66a0 00007fb0cadd6690 0000000000000000 AHCI Fake
d250-d257 00007fb0d156dcc0 00007fb0cadd66a0 00007fb0cadd6690 0000000000000000 AHCI Fake
d260-d26f 00007fb0d156dcc0 00007fb0caddb170 00007fb0caddb280 0000000000000000 AHCI IDX/DATA
I/O Port R0 ranges (pVM=00007fb0d801a000)
Range     pDevIns          In               Out              pvUser           Description
0020-0021 00007fb0d155b760 ffffffffc0271580 ffffffffc0271700 0000000000000000 i8259 PIC #0
0040-0043 00007fb0d155bd70 ffffffffc0270bb0 ffffffffc0270d70 0000000000000000 i8254 Programmable Interval Timer
0060-0060 00007fb0d1559f80 ffffffffc026f730 ffffffffc026f7b0 0000000000000000 PC Keyboard - Data
0064-0064 00007fb0d1559f80 ffffffffc026f930 ffffffffc026f970 0000000000000000 PC Keyboard - Command / Status
0070-0073 00007fb0d155c300 ffffffffc0271dd0 ffffffffc0271f00 0000000000000000 MC146818 RTC/CMOS
00a0-00a1 00007fb0d155b760 ffffffffc0271580 ffffffffc0271700 0000000000000001 i8259 PIC #1
0170-0170 00007fb0d15755e0 ffffffffc0273980 ffffffffc0273650 0000000000000001 ATA I/O Base 1 - Data
0171-0177 00007fb0d15755e0 ffffffffc0274600 ffffffffc02742b0 0000000000000001 ATA I/O Base 1 - Other
01ce-01ce 00007fb0d8006000 ffffffffc026ea60 ffffffffc026e890 0000000000000000 VGA/VBE - Index (GC)
01cf-01cf 00007fb0d8006000 ffffffffc026e900 ffffffffc026e810 0000000000000000 VGA/VBE - Data (GC)
01f0-01f0 00007fb0d15755e0 ffffffffc0273980 ffffffffc0273650 0000000000000000 ATA I/O Base 1 - Data
01f1-01f7 00007fb0d15755e0 ffffffffc0274600 ffffffffc02742b0 0000000000000000 ATA I/O Base 1 - Other
0376-0376 00007fb0d15755e0 ffffffffc0274b20 ffffffffc0274a10 0000000000000001 ATA I/O Base 2
03b4-03b5 00007fb0d8006000 ffffffffc026e7a0 ffffffffc026e720 0000000000000000 VGA - 3b4 (GC)
03b7-03b7 00007fb0d8006000 ffffffffc026f570 ffffffffc026f580 0000000000000000 VGA BIOS debug/panic
03ba-03ba 00007fb0d8006000 ffffffffc026e7a0 ffffffffc026e720 0000000000000000 VGA - 3ba (GC)
03c0-03cf 00007fb0d8006000 ffffffffc026e7a0 ffffffffc026e720 0000000000000000 VGA - 3c0 (GC)
03d4-03d5 00007fb0d8006000 ffffffffc026e7a0 ffffffffc026e720 0000000000000000 VGA - 3d4 (GC)
03da-03da 00007fb0d8006000 ffffffffc026e7a0 ffffffffc026e720 0000000000000000 VGA - 3da (GC)
03f6-03f6 00007fb0d15755e0 ffffffffc0274b20 ffffffffc0274a10 0000000000000000 ATA I/O Base 2
03f8-03ff 00007fb0d157ec80 ffffffffc02788d0 ffffffffc02788b0 0000000000000000 Serial
04d0-04d0 00007fb0d155b760 ffffffffc0271b60 ffffffffc0271be0 00007fb0d155b860 i8259 PIC #0 - elcr
04d1-04d1 00007fb0d155b760 ffffffffc0271b60 ffffffffc0271be0 00007fb0d155b8a8 i8259 PIC #1 - elcr
0cf8-0cf8 00007fb0d1558e60 ffffffffc026c690 ffffffffc026c630 0000000000000000 i440FX (PCI)
0cfc-0cff 00007fb0d1558e60 ffffffffc026c7a0 ffffffffc026c700 0000000000000000 i440FX (PCI)
4008-4008 00007fb0d157cfe0 ffffffffc02707f0 0000000000000000 0000000000000000 ACPI PM Timer
d000-d007 00007fb0d15755e0 ffffffffc0273fb0 ffffffffc02740c0 0000000000000000 ATA Bus Master DMA
d008-d00f 00007fb0d15755e0 ffffffffc0273fb0 ffffffffc02740c0 0000000000000001 ATA Bus Master DMA
d020-d02f 00007fb0d1576f90 ffffffffc0278360 ffffffffc0278440 0000000000000000 PCNet aprom
d030-d03f 00007fb0d1576f90 ffffffffc0278490 ffffffffc0278570 0000000000000000 PCNet
d240-d247 00007fb0d156dcc0 ffffffffc027f0d0 ffffffffc027f0c0 0000000000000000 AHCI Fake
d250-d257 00007fb0d156dcc0 ffffffffc027f0d0 ffffffffc027f0c0 0000000000000000 AHCI Fake
d260-d26f 00007fb0d156dcc0 ffffffffc027f130 ffffffffc027f0e0 0000000000000000 AHCI IDX/DATA
I/O Port GC ranges (pVM=00007fb0d801a000)
Range     pDevIns  In       Out      pvUser   Description
0020-0021 ff43c760 ff9317f0 ff931950 00000000 i8259 PIC #0
0040-0043 ff43cd70 ff930e40 ff930ff0 00000000 i8254 Programmable Interval Timer
0060-0060 ff43af80 ff92f730 ff92f7c0 00000000 PC Keyboard - Data
0061-0061 ff43cd70 ff931270 00000000 00000000 PC Speaker
0064-0064 ff43af80 ff92f950 ff92f9a0 00000000 PC Keyboard - Command / Status
0070-0073 ff43d300 ff932050 ff9321b0 00000000 MC146818 RTC/CMOS
00a0-00a1 ff43c760 ff9317f0 ff931950 00000001 i8259 PIC #1
0170-0170 ff4565e0 ff9337c0 ff933670 00000001 ATA I/O Base 1 - Data
0171-0177 ff4565e0 ff934120 ff933da0 00000001 ATA I/O Base 1 - Other
01ce-01ce ff952000 ff92e700 ff92e510 00000000 VGA/VBE - Index (GC)
01cf-01cf ff952000 ff92e590 ff92e480 00000000 VGA/VBE - Data (GC)
01f0-01f0 ff4565e0 ff9337c0 ff933670 00000000 ATA I/O Base 1 - Data
01f1-01f7 ff4565e0 ff934120 ff933da0 00000000 ATA I/O Base 1 - Other
0376-0376 ff4565e0 ff934680 ff934550 00000001 ATA I/O Base 2
03b4-03b5 ff952000 ff92e400 ff92e3a0 00000000 VGA - 3b4 (GC)
03ba-03ba ff952000 ff92e400 ff92e3a0 00000000 VGA - 3ba (GC)
03c0-03cf ff952000 ff92e400 ff92e3a0 00000000 VGA - 3c0 (GC)
03d4-03d5 ff952000 ff92e400 ff92e3a0 00000000 VGA - 3d4 (GC)
03da-03da ff952000 ff92e400 ff92e3a0 00000000 VGA - 3da (GC)
03f6-03f6 ff4565e0 ff934680 ff934550 00000000 ATA I/O Base 2
03f8-03ff ff45fc80 ff938320 ff938300 00000000 Serial
04d0-04d0 ff43c760 ff931df0 ff931e70 ff43c860 i8259 PIC #0 - elcr
04d1-04d1 ff43c760 ff931df0 ff931e70 ff43c8a8 i8259 PIC #1 - elcr
0cf8-0cf8 ff439e60 ff92c570 ff92c510 00000000 i440FX (PCI)
0cfc-0cff ff439e60 ff92c680 ff92c5e0 00000000 i440FX (PCI)
4008-4008 ff45dfe0 ff930940 00000000 00000000 ACPI PM Timer
d000-d007 ff4565e0 ff933b50 ff933c50 00000000 ATA Bus Master DMA
d008-d00f ff4565e0 ff933b50 ff933c50 00000001 ATA Bus Master DMA
d020-d02f ff457f90 ff937d60 ff937e50 00000000 PCNet aprom
d030-d03f ff457f90 ff937ea0 ff937f60 00000000 PCNet
d240-d247 ff44ecc0 ff93ec90 ff93ec80 00000000 AHCI Fake
d250-d257 ff44ecc0 ff93ec90 ff93ec80 00000000 AHCI Fake
d260-d26f ff44ecc0 ff93ed00 ff93eca0 00000000 AHCI IDX/DATA
!!
!! {ldt}
!!
Shadow LDT (GCAddr=ff712000 limit=0x0):
!!
!! {ldtguest}
!!
Guest LDT (Sel=0): Null-Selector
!!
!! {mmio}
!!
MMIO ranges (pVM=00007fb0d801a000)
GC Phys Range                     pDevIns          Read             Write            Fill             pvUser           Description
00000000000a0000-00000000000bffff 00007fb0d8006000 00007fb0cad31de0 00007fb0cad30930 00007fb0cad313f0 0000000000000000 VGA - VGA Video Buffer
                               R0 00007fb0d8006000 ffffffffc026f150 ffffffffc026f330 ffffffffc026eac0 0000000000000000
                               RC ff952000 ff92ef70 ff92f250 ff92e780 00000000
00000000f0000000-00000000f0000fff 00007fb0d1576f90 00007fb0cad64fe0 00007fb0cad65c60 0000000000000000 00007fb0d1577090 PCNet
                               R0 0000000000000000 0000000000000000 0000000000000000 0000000000000000 0000000000000000
                               RC 00000000 00000000 00000000 00000000 00000000
00000000f0804000-00000000f0804fff 00007fb0d157b670 00007fb0cada5f80 00007fb0cada6000 0000000000000000 0000000000000000 USB OHCI
                               R0 00007fb0d157b670 ffffffffc027e580 ffffffffc027e600 0000000000000000 0000000000000000
                               RC ff45c670 ff93df30 ff93dfd0 00000000 00000000
00000000f0805000-00000000f0805fff 00007fb0d1579d70 00007fb0ca771810 00007fb0ca771220 0000000000000000 0000000000000000 USB EHCI
                               R0 00007fb0d1579d70 ffffffffc028f3b0 ffffffffc028f220 0000000000000000 0000000000000000
                               RC ff45ad70 ff9f8430 ff9f8280 00000000 00000000
00000000f0806000-00000000f0807fff 00007fb0d156dcc0 00007fb0caddb150 00007fb0cadde9e0 0000000000000000 0000000000000000 AHCI
                               R0 00007fb0d156dcc0 ffffffffc027f000 ffffffffc027f020 0000000000000000 0000000000000000
                               RC ff44ecc0 ff93ebb0 ff93ebe0 00000000 00000000
00000000fee00000-00000000fee00fff 00007fb0d155a9a0 00007fb0caad1fc0 00007fb0caad1f00 0000000000000000 00007fb0d155aaa0 APIC Memory
                               R0 00007fb0d155a9a0 ffffffffc028cb50 ffffffffc028cc20 0000000000000000 0000000000000000
                               RC ff43b9a0 ff94ed50 ff94ee20 00000000 00000000
!!
!! {nat0}
!!
NAT parameters: MTU=1500
NAT TCP ports:
NAT UDP ports:
NAT ARP cache:
NAT rules:
!!
!! {ohci}
!!
HcControl: 00000200 - CBSR=0 PLE=0 IE=0 CLE=0 BLE=0 HCFS=0x0 IR=0 RWC=1 RWE=0
HcCommandStatus:   00000000 - HCR=0 CLF=0 BLF=0 OCR=0 SOC=0
HcInterruptStatus: 00000000 - SO=0 WDH=0 SF=0 RD=0 UE=0 FNO=0 RHSC=0 OC=0
HcInterruptEnable: 80000000 - SO=0 WDH=0 SF=0 RD=0 UE=0 FNO=0 RHSC=0 OC=0 MIE=1
HcHCCA: 00000000
HcPeriodCurrentED:  00000000
HcControlHeadED:    00000000
HcControlCurrentED: 00000000
HcBulkHeadED:       00000000
HcBulkCurrentED:    00000000
HcDoneHead:         00000000

!!
!! {pci}
!!
00:00:00 i440FX: 8086-1237
        Command: 00 00, Status: 00 00
        Bus master: No
00:01:00 PIIX3: 8086-7000
        Command: 07 00, Status: 00 02
        Bus master: Yes
00:01:01 piix3ide: 8086-7111
        IO region #4: d000..d010
        Command: 07 00, Status: 00 00
        Bus master: Yes
00:02:00 vga: 80ee-beef IRQ11 (INTA#->IRQ18)
        MMIO32 PREFETCH region #0: e0000000..e1000000
        Command: 07 00, Status: 00 00
        Bus master: Yes
00:03:00 pcnet: 1022-2000 IRQ10 (INTA#->IRQ19)
        IO region #0: d020..d040
        MMIO32 region #1: f0000000..f0001000
        Command: 07 00, Status: 80 02
        Bus master: Yes
00:04:00 VMMDev: 80ee-cafe IRQ9 (INTA#->IRQ20)
        IO region #0: d040..d060
        MMIO32 region #1: f0400000..f0800000
        MMIO32 PREFETCH region #2: f0800000..f0804000
        Command: 07 00, Status: 00 00
        Bus master: Yes
00:05:00 ichac97: 8086-2415 IRQ11 (INTA#->IRQ21)
        IO region #0: d100..d200
        IO region #1: d200..d240
        Command: 07 00, Status: 80 02
        Bus master: Yes
00:06:00 usb-ohci: 106b-003f IRQ11 (INTA#->IRQ22)
        MMIO32 region #0: f0804000..f0805000
        Command: 07 00, Status: 10 00
        Bus master: Yes
00:07:00 acpi: 8086-7113 IRQ9 (INTA#->IRQ23)
        Command: 07 00, Status: 80 02
        Bus master: Yes
00:0b:00 usb-ehci: 8086-265c IRQ10 (INTA#->IRQ19)
        MMIO32 region #0: f0805000..f0806000
        Command: 07 00, Status: 10 00
        Bus master: Yes
00:0d:00 ahci: 8086-2829 IRQ11 (INTA#->IRQ21)
        IO region #0: d240..d248
        IO region #1: d248..d249
        IO region #2: d250..d258
        IO region #3: d258..d259
        IO region #4: d260..d270
        MMIO32 region #5: f0806000..f0808000
        Command: 07 00, Status: 10 00
        Bus master: Yes
!!
!! {pciirq}
!!
PCI interrupt router at: 00:01:0
PIRQA -> IRQ11
PIRQB -> IRQ11
PIRQC -> IRQ10
PIRQD -> IRQ9
!!
!! {pcnet0}
!!
pcnet #0: port=d020 mmio=f0000000 mac-cfg=08:00:27:d7:f2:53 Am79C973 RC R0
CSR0=0x0004:
CSR1=0x0000:
CSR2=0x0000:
CSR3=0x0000: BSWP=0 EMBA=0 DXMT2PD=0 LAPPEN=0 DXSUFLO=0 IDONM=0 TINTM=0 RINTM=0 MERRM=0 MISSM=0 BABLM=0
CSR4=0x0115: JABM=1 JAB=0 TXSTRM=1 TXSTRT=0 RCVCOOM=1 RCVCCO=0 UINT=0 UINTCMD=0
              MFCOM=1 MFCO=0 ASTRP_RCV=0 APAD_XMT=0 DPOLL=0 TIMER=0 EMAPLUS=0 EN124=0
CSR5=0x0000:
CSR6=0x0000: RLEN=0x0* TLEN=0x0* [* encoded]
CSR8..11=0x0000,0x0000,0x0000,0x0000: LADRF=0x0000000000000000
CSR12..14=0x0008,0xd727,0x53f2: PADR=08:00:27:d7:f2:53 (Current MAC Address)
CSR15=0x0000: DXR=0 DTX=0 LOOP=0 DXMTFCS=0 FCOLL=0 DRTY=0 INTL=0 PORTSEL=0 LTR=0
              MENDECL=0 DAPC=0 DLNKTST=0 DRCVPV=0 DRCVBC=0 PROM=0
CSR46=0x0000: POLL=0x0000 (Poll Time Counter)
CSR47=0x0000: POLLINT=0x0000 (Poll Time Interval)
CSR58=0x0200: SWSTYLE=0 C-LANCE / PCnet-ISA SSIZE32=0 CSRPCNET=1 APERRENT=0
CSR112=0000: MFC=0000 (Missed receive Frame Count)
CSR122=0000: RCVALGN=0000 (Receive Frame Align)
CSR124=0000: RPA=0000 (Runt Packet Accept)
RCVRL=0001 RCVRC=0001  GCRDRA=0 
CRDA=00000000 CRBA=00000000 CRBC=000 CRST=0000
NRDA=00000000 NRBA=00000000 NRBC=000 NRST=0000
NNRDA=00000000
XMTRL=0001 XMTRC=0001  GCTDRA=00000000 BADX=00000000
PXDA=00000000               PXBC=000 PXST=0000
CXDA=00000000 CXBA=00000000 CXBC=000 CXST=0000
NXDA=00000000 NXBA=00000000 NXBC=000 NXST=0000
NNXDA=00000000
!!
!! {pdmtracingids}
!!
Device tracing IDs:
00001  pcarch
00002  pcbios
00003  pci
00004  pckbd
00005  apic
00006  i8259
00007  i8254
00008  mc146818
00009  8237A
00010  VMMDev
00011  vga
00012  ahci
00013  piix3ide
00014  pcnet
00015  ichac97
00016  usb-ehci
00017  usb-ohci
00018  acpi
00019  serial
USB device tracing IDs:
Driver tracing IDs:
01025  KeyboardQueue (level 0, lun 0, dev pckbd)
01026  MainKeyboard (level 1, lun 0, dev pckbd)
01027  MouseQueue (level 0, lun 1, dev pckbd)
01028  MainMouse (level 1, lun 1, dev pckbd)
01029  HGCM (level 0, lun 0, dev VMMDev)
01030  MainStatus (level 0, lun 999, dev VMMDev)
01031  MainDisplay (level 0, lun 0, dev vga)
01032  MainStatus (level 0, lun 999, dev vga)
01033  Block (level 0, lun 0, dev ahci)
01034  VD (level 1, lun 0, dev ahci)
01035  MainStatus (level 0, lun 999, dev ahci)
01036  MainStatus (level 0, lun 999, dev piix3ide)
01037  Block (level 0, lun 0, dev piix3ide)
01038  VD (level 1, lun 0, dev piix3ide)
01039  MainStatus (level 0, lun 999, dev pcnet)
01040  NAT (level 0, lun 0, dev pcnet)
01041  AUDIO (level 0, lun 0, dev ichac97)
01042  PulseAudio (level 1, lun 0, dev ichac97)
01043  AUDIO (level 0, lun 1, dev ichac97)
01044  AudioVRDE (level 1, lun 1, dev ichac97)
01045  VUSBRootHub (level 0, lun 0, dev usb-ehci)
01046  MainStatus (level 0, lun 999, dev usb-ehci)
01047  VUSBRootHub (level 0, lun 0, dev usb-ohci)
01048  MainStatus (level 0, lun 999, dev usb-ohci)
01049  ACPIHost (level 0, lun 0, dev acpi)
01050  Char (level 0, lun 0, dev serial)
01051  RawFile (level 1, lun 0, dev serial)
!!
!! {phys}
!!
RAM ranges (pVM=00007fb0d801a000)
GC Phys Range                     pvHC            
0000000000000000-0000000007ffffff 0000000000000000 Base RAM
00000000e0000000-00000000e08fffff 00007fb0c9267000 VRam
00000000f0000000-00000000f0000fff 0000000000000000 PCNet
00000000f0400000-00000000f07fffff 00007fb0c9df2000 VMMDev
00000000f0800000-00000000f0803fff 00007fb0f0371000 VMMDev Heap
00000000f0804000-00000000f0804fff 0000000000000000 USB OHCI
00000000f0805000-00000000f0805fff 0000000000000000 USB EHCI
00000000f0806000-00000000f0807fff 0000000000000000 AHCI
00000000fee00000-00000000fee00fff 0000000000000000 APIC Memory
00000000ffff0000-00000000ffffffff 0000000000000000 PC BIOS - 0xffffffff
!!
!! {pic}
!!
PIC0:
 IMR :00 ISR   :00 IRR   :00 LIRR:00
 Base:20 PriAdd:00 RegSel:00
 Poll:00 SpMask:00 IState:00
 AEOI:00 Rotate:00 FNest :00 Ini4:01
 ELCR:00 ELMask:f8
PIC1:
 IMR :00 ISR   :00 IRR   :00 LIRR:00
 Base:28 PriAdd:00 RegSel:00
 Poll:00 SpMask:00 IState:00
 AEOI:00 Rotate:00 FNest :00 Ini4:01
 ELCR:0e ELMask:de
!!
!! {pit}
!!
PIT (i8254) channel 0 status: irq=0x0
      count=00002e9b  latched_count=0000  count_latched=00
           status=00   status_latched=00     read_state=03
      write_state=03      write_latch=9b        rw_mode=03
             mode=03              bcd=00           gate=01
  count_load_time=000000009d40da16 next_transition_time=00000000dd9f3629
      u64ReloadTS=00000000dd06a258            u64NextTS=00000000dd9f3629
PIT (i8254) channel 1 status: irq=0x0
      count=00010000  latched_count=0000  count_latched=00
           status=00   status_latched=00     read_state=00
      write_state=00      write_latch=00        rw_mode=00
             mode=03              bcd=00           gate=01
  count_load_time=0000000000000000 next_transition_time=0000000000000000
      u64ReloadTS=0000000000000000            u64NextTS=ffffffffffffffff
PIT (i8254) channel 2 status: irq=0x0
      count=00010000  latched_count=0000  count_latched=00
           status=00   status_latched=00     read_state=00
      write_state=00      write_latch=00        rw_mode=00
             mode=03              bcd=00           gate=00
  count_load_time=0000000000000000 next_transition_time=0000000000000000
      u64ReloadTS=0000000000000000            u64NextTS=ffffffffffffffff
speaker_data_on=0x0
!!
!! {plugins}
!!
No plug-ins loaded
!!
!! {ps2k}
!!
PS/2 Keyboard: scan set 2, scanning enabled
Active command 00
LED state 02, Num Lock on
Typematic delay 500ms, repeat period 133ms
Command queue: 0 items (4 max)
Input queue  : 0 items (64 max)
Active typematic key 30 (delay)
!!
!! {ps2m}
!!
PS/2 mouse state: normal, stream mode, reporting disabled
Protocol: PS/2, scaling 1:1
Active command 00
Sampling rate 100 reports/sec, resolution 4 counts/mm
Command queue: 0 items (8 max)
Event queue  : 0 items (256 max)
!!
!! {rtc}
!!
Time: 16:07:45  Date: 17-04-28
REG A=26 B=02 C=00 D=80
!!
!! {tracebuf}
!!
Tracing is disable
!!
!! {vbe}
!!
LFB at 00000000e0000000
VBE disabled
!!
!! {vga}
!!
pixel clock: 28.322 MHz
double scanning off
double clocking off
htotal: 900 px (100 cclk)
vtotal: 449 px
hdisp : 720 px (80 cclk)
vdisp : 400 px
split : 1023 ln
start : 0x0
char height 16
text mode 80x25
cbLine:   0x280
offStart: 0x0 (line 0x0)
display refresh interval: 20 ms
!!
!! {vgaar}
!!
VGA Attribute Controller (3C0): index reg 20, flip-flop: 0 (index)
 Palette: 00 01 02 03 04 05 14 07 38 39 3A 3B 3C 3D 3E 3F
 AR10:0C AR11:00 AR12:0F AR13:08 AR14:00
!!
!! {vgacr}
!!
VGA CRTC (3D5): CRTC index 3D4:0F
 CR00:5F CR01:4F CR02:50 CR03:82 CR04:55 CR05:81 CR06:BF CR07:1F CR08:00 CR09:4F
 CR0A:0E CR0B:0F CR0C:00 CR0D:00 CR0E:01 CR0F:E0 CR10:9C CR11:8E CR12:8F CR13:28
 CR14:1F CR15:96 CR16:B9 CR17:A3 CR18:FF
!!
!! {vgadac}
!!
VGA DAC contents:
 00: 00 00 00
 01: 00 00 2A
 02: 00 2A 00
 03: 00 2A 2A
 04: 2A 00 00
 05: 2A 00 2A
 06: 2A 2A 00
 07: 2A 2A 2A
 08: 00 00 15
 09: 00 00 3F
 0A: 00 2A 15
 0B: 00 2A 3F
 0C: 2A 00 15
 0D: 2A 00 3F
 0E: 2A 2A 15
 0F: 2A 2A 3F
 10: 00 15 00
 11: 00 15 2A
 12: 00 3F 00
 13: 00 3F 2A
 14: 2A 15 00
 15: 2A 15 2A
 16: 2A 3F 00
 17: 2A 3F 2A
 18: 00 15 15
 19: 00 15 3F
 1A: 00 3F 15
 1B: 00 3F 3F
 1C: 2A 15 15
 1D: 2A 15 3F
 1E: 2A 3F 15
 1F: 2A 3F 3F
 20: 15 00 00
 21: 15 00 2A
 22: 15 2A 00
 23: 15 2A 2A
 24: 3F 00 00
 25: 3F 00 2A
 26: 3F 2A 00
 27: 3F 2A 2A
 28: 15 00 15
 29: 15 00 3F
 2A: 15 2A 15
 2B: 15 2A 3F
 2C: 3F 00 15
 2D: 3F 00 3F
 2E: 3F 2A 15
 2F: 3F 2A 3F
 30: 15 15 00
 31: 15 15 2A
 32: 15 3F 00
 33: 15 3F 2A
 34: 3F 15 00
 35: 3F 15 2A
 36: 3F 3F 00
 37: 3F 3F 2A
 38: 15 15 15
 39: 15 15 3F
 3A: 15 3F 15
 3B: 15 3F 3F
 3C: 3F 15 15
 3D: 3F 15 3F
 3E: 3F 3F 15
 3F: 3F 3F 3F
 40: 00 00 00
 41: 00 00 00
 42: 00 00 00
 43: 00 00 00
 44: 00 00 00
 45: 00 00 00
 46: 00 00 00
 47: 00 00 00
 48: 00 00 00
 49: 00 00 00
 4A: 00 00 00
 4B: 00 00 00
 4C: 00 00 00
 4D: 00 00 00
 4E: 00 00 00
 4F: 00 00 00
 50: 00 00 00
 51: 00 00 00
 52: 00 00 00
 53: 00 00 00
 54: 00 00 00
 55: 00 00 00
 56: 00 00 00
 57: 00 00 00
 58: 00 00 00
 59: 00 00 00
 5A: 00 00 00
 5B: 00 00 00
 5C: 00 00 00
 5D: 00 00 00
 5E: 00 00 00
 5F: 00 00 00
 60: 00 00 00
 61: 00 00 00
 62: 00 00 00
 63: 00 00 00
 64: 00 00 00
 65: 00 00 00
 66: 00 00 00
 67: 00 00 00
 68: 00 00 00
 69: 00 00 00
 6A: 00 00 00
 6B: 00 00 00
 6C: 00 00 00
 6D: 00 00 00
 6E: 00 00 00
 6F: 00 00 00
 70: 00 00 00
 71: 00 00 00
 72: 00 00 00
 73: 00 00 00
 74: 00 00 00
 75: 00 00 00
 76: 00 00 00
 77: 00 00 00
 78: 00 00 00
 79: 00 00 00
 7A: 00 00 00
 7B: 00 00 00
 7C: 00 00 00
 7D: 00 00 00
 7E: 00 00 00
 7F: 00 00 00
 80: 00 00 00
 81: 00 00 00
 82: 00 00 00
 83: 00 00 00
 84: 00 00 00
 85: 00 00 00
 86: 00 00 00
 87: 00 00 00
 88: 00 00 00
 89: 00 00 00
 8A: 00 00 00
 8B: 00 00 00
 8C: 00 00 00
 8D: 00 00 00
 8E: 00 00 00
 8F: 00 00 00
 90: 00 00 00
 91: 00 00 00
 92: 00 00 00
 93: 00 00 00
 94: 00 00 00
 95: 00 00 00
 96: 00 00 00
 97: 00 00 00
 98: 00 00 00
 99: 00 00 00
 9A: 00 00 00
 9B: 00 00 00
 9C: 00 00 00
 9D: 00 00 00
 9E: 00 00 00
 9F: 00 00 00
 A0: 00 00 00
 A1: 00 00 00
 A2: 00 00 00
 A3: 00 00 00
 A4: 00 00 00
 A5: 00 00 00
 A6: 00 00 00
 A7: 00 00 00
 A8: 00 00 00
 A9: 00 00 00
 AA: 00 00 00
 AB: 00 00 00
 AC: 00 00 00
 AD: 00 00 00
 AE: 00 00 00
 AF: 00 00 00
 B0: 00 00 00
 B1: 00 00 00
 B2: 00 00 00
 B3: 00 00 00
 B4: 00 00 00
 B5: 00 00 00
 B6: 00 00 00
 B7: 00 00 00
 B8: 00 00 00
 B9: 00 00 00
 BA: 00 00 00
 BB: 00 00 00
 BC: 00 00 00
 BD: 00 00 00
 BE: 00 00 00
 BF: 00 00 00
 C0: 00 00 00
 C1: 00 00 00
 C2: 00 00 00
 C3: 00 00 00
 C4: 00 00 00
 C5: 00 00 00
 C6: 00 00 00
 C7: 00 00 00
 C8: 00 00 00
 C9: 00 00 00
 CA: 00 00 00
 CB: 00 00 00
 CC: 00 00 00
 CD: 00 00 00
 CE: 00 00 00
 CF: 00 00 00
 D0: 00 00 00
 D1: 00 00 00
 D2: 00 00 00
 D3: 00 00 00
 D4: 00 00 00
 D5: 00 00 00
 D6: 00 00 00
 D7: 00 00 00
 D8: 00 00 00
 D9: 00 00 00
 DA: 00 00 00
 DB: 00 00 00
 DC: 00 00 00
 DD: 00 00 00
 DE: 00 00 00
 DF: 00 00 00
 E0: 00 00 00
 E1: 00 00 00
 E2: 00 00 00
 E3: 00 00 00
 E4: 00 00 00
 E5: 00 00 00
 E6: 00 00 00
 E7: 00 00 00
 E8: 00 00 00
 E9: 00 00 00
 EA: 00 00 00
 EB: 00 00 00
 EC: 00 00 00
 ED: 00 00 00
 EE: 00 00 00
 EF: 00 00 00
 F0: 00 00 00
 F1: 00 00 00
 F2: 00 00 00
 F3: 00 00 00
 F4: 00 00 00
 F5: 00 00 00
 F6: 00 00 00
 F7: 00 00 00
 F8: 00 00 00
 F9: 00 00 00
 FA: 00 00 00
 FB: 00 00 00
 FC: 00 00 00
 FD: 00 00 00
 FE: 00 00 00
 FF: 00 00 00
!!
!! {vgagr}
!!
VGA Graphics Controller (3CF): GR index 3CE:05
 GR00:00 GR01:00 GR02:00 GR03:00 GR04:00 GR05:10 GR06:0E GR07:0F GR08:FF
!!
!! {vgapl}
!!
read mode     : 0     write mode: 0
set/reset data: 00    S/R enable: 00
color compare : 00    read map  : 0
rotate        : 0     function  : 0
don't care    : 0F    bit mask  : FF
seq plane mask: 03    chain-4   : off
!!
!! {vgasr}
!!
VGA Sequencer (3C5): SR index 3C4:03
 SR00:03 SR01:00 SR02:03 SR03:00 SR04:02
!!
!! {vgatext}
!!
------------------------------------ 80x25 -------------------------------------
                                                                                
Welcome to the new improved (multitasking) OS4 kernel.                          
 .. Developed by Joakim Bertils.                                                
                                                                                
> vid                                                                           
                                                                                
                                                                                
                                                                                
                                                                                
                                                                                
                                                                                
                                                                                
                                                                                
                                                                                
                                                                                
                                                                                
                                                                                
                                                                                
                                                                                
                                                                                
                                                                                
                                                                                
                                                                                
                                                                                
                                                                                
--------------------------------------------------------------------------------
!!!!!!!!!!!!!!!!!!!!!!!!!!!!!!!!!!!!!!!!!!!!!!!!!!!!!!!!!!!!!!!!!!!!!!
